<?xml version="1.0" encoding="UTF-8"?>
<!-- Generated by org.testng.reporters.JUnitXMLReporter -->
<testsuite hostname="LAPTOP-ST9EO4K2" name="Test" tests="14" failures="0" timestamp="26 Feb 2021 12:27:41 GMT" time="9.127" errors="0">
  <testcase name="@BeforeMethod setUp" time="0.0" classname="com.OHRM.qa.TestCases.Home_Page_Test">
    <failure type="org.openqa.selenium.SessionNotCreatedException" message="session not created: This version of ChromeDriver only supports Chrome version 86
Current browser version is 88.0.4324.190 with binary path C:\Program Files (x86)\Google\Chrome\Application\chrome.exe
Build info: version: &amp;apos;3.141.59&amp;apos;, revision: &amp;apos;e82be7d358&amp;apos;, time: &amp;apos;2018-11-14T08:17:03&amp;apos;
System info: host: &amp;apos;LAPTOP-ST9EO4K2&amp;apos;, ip: &amp;apos;192.168.1.5&amp;apos;, os.name: &amp;apos;Windows 10&amp;apos;, os.arch: &amp;apos;amd64&amp;apos;, os.version: &amp;apos;10.0&amp;apos;, java.version: &amp;apos;1.8.0_121&amp;apos;
Driver info: driver.version: ChromeDriver
remote stacktrace: Backtrace:
	Ordinal0 [0x005DC013+3194899]
	Ordinal0 [0x004C6021+2056225]
	Ordinal0 [0x0035F608+587272]
	Ordinal0 [0x002E1BF3+72691]
	Ordinal0 [0x002DE229+57897]
	Ordinal0 [0x002DC64A+50762]
	Ordinal0 [0x00301EE9+204521]
	Ordinal0 [0x00301D0D+204045]
	Ordinal0 [0x002FFC1B+195611]
	Ordinal0 [0x002E3B7F+80767]
	Ordinal0 [0x002E4B4E+84814]
	Ordinal0 [0x002E4AD9+84697]
	Ordinal0 [0x004DCE64+2149988]
	GetHandleVerifier [0x0074BE95+1400773]
	GetHandleVerifier [0x0074BB61+1399953]
	GetHandleVerifier [0x007531FA+1430314]
	GetHandleVerifier [0x0074C69F+1402831]
	Ordinal0 [0x004D3D61+2112865]
	Ordinal0 [0x004DE5CB+2155979]
	Ordinal0 [0x004DE6F5+2156277]
	Ordinal0 [0x004EF26E+2224750]
	BaseThreadInitThunk [0x75126359+25]
	RtlGetAppContainerNamedObjectPath [0x77978944+228]
	RtlGetAppContainerNamedObjectPath [0x77978914+180]
">
      <![CDATA[org.openqa.selenium.SessionNotCreatedException: session not created: This version of ChromeDriver only supports Chrome version 86
Current browser version is 88.0.4324.190 with binary path C:\Program Files (x86)\Google\Chrome\Application\chrome.exe
Build info: version: '3.141.59', revision: 'e82be7d358', time: '2018-11-14T08:17:03'
System info: host: 'LAPTOP-ST9EO4K2', ip: '192.168.1.5', os.name: 'Windows 10', os.arch: 'amd64', os.version: '10.0', java.version: '1.8.0_121'
Driver info: driver.version: ChromeDriver
remote stacktrace: Backtrace:
	Ordinal0 [0x005DC013+3194899]
	Ordinal0 [0x004C6021+2056225]
	Ordinal0 [0x0035F608+587272]
	Ordinal0 [0x002E1BF3+72691]
	Ordinal0 [0x002DE229+57897]
	Ordinal0 [0x002DC64A+50762]
	Ordinal0 [0x00301EE9+204521]
	Ordinal0 [0x00301D0D+204045]
	Ordinal0 [0x002FFC1B+195611]
	Ordinal0 [0x002E3B7F+80767]
	Ordinal0 [0x002E4B4E+84814]
	Ordinal0 [0x002E4AD9+84697]
	Ordinal0 [0x004DCE64+2149988]
	GetHandleVerifier [0x0074BE95+1400773]
	GetHandleVerifier [0x0074BB61+1399953]
	GetHandleVerifier [0x007531FA+1430314]
	GetHandleVerifier [0x0074C69F+1402831]
	Ordinal0 [0x004D3D61+2112865]
	Ordinal0 [0x004DE5CB+2155979]
	Ordinal0 [0x004DE6F5+2156277]
	Ordinal0 [0x004EF26E+2224750]
	BaseThreadInitThunk [0x75126359+25]
	RtlGetAppContainerNamedObjectPath [0x77978944+228]
	RtlGetAppContainerNamedObjectPath [0x77978914+180]

	at org.openqa.selenium.remote.W3CHandshakeResponse.lambda$errorHandler$0(W3CHandshakeResponse.java:62)
	at org.openqa.selenium.remote.HandshakeResponse.lambda$getResponseFunction$0(HandshakeResponse.java:30)
	at org.openqa.selenium.remote.ProtocolHandshake.lambda$createSession$0(ProtocolHandshake.java:126)
	at java.util.stream.ReferencePipeline$3$1.accept(ReferencePipeline.java:193)
	at java.util.Spliterators$ArraySpliterator.tryAdvance(Spliterators.java:958)
	at java.util.stream.ReferencePipeline.forEachWithCancel(ReferencePipeline.java:126)
	at java.util.stream.AbstractPipeline.copyIntoWithCancel(AbstractPipeline.java:498)
	at java.util.stream.AbstractPipeline.copyInto(AbstractPipeline.java:485)
	at java.util.stream.AbstractPipeline.wrapAndCopyInto(AbstractPipeline.java:471)
	at java.util.stream.FindOps$FindOp.evaluateSequential(FindOps.java:152)
	at java.util.stream.AbstractPipeline.evaluate(AbstractPipeline.java:234)
	at java.util.stream.ReferencePipeline.findFirst(ReferencePipeline.java:464)
	at org.openqa.selenium.remote.ProtocolHandshake.createSession(ProtocolHandshake.java:128)
	at org.openqa.selenium.remote.ProtocolHandshake.createSession(ProtocolHandshake.java:74)
	at org.openqa.selenium.remote.HttpCommandExecutor.execute(HttpCommandExecutor.java:136)
	at org.openqa.selenium.remote.service.DriverCommandExecutor.execute(DriverCommandExecutor.java:83)
	at org.openqa.selenium.remote.RemoteWebDriver.execute(RemoteWebDriver.java:552)
	at org.openqa.selenium.remote.RemoteWebDriver.startSession(RemoteWebDriver.java:213)
	at org.openqa.selenium.remote.RemoteWebDriver.<init>(RemoteWebDriver.java:131)
	at org.openqa.selenium.chrome.ChromeDriver.<init>(ChromeDriver.java:181)
	at org.openqa.selenium.chrome.ChromeDriver.<init>(ChromeDriver.java:168)
	at org.openqa.selenium.chrome.ChromeDriver.<init>(ChromeDriver.java:123)
	at com.OHRM.qa.Base.TestBase.initialization(TestBase.java:43)
	at com.OHRM.qa.TestCases.Home_Page_Test.setUp(Home_Page_Test.java:25)
... Removed 31 stack frames]]>
    </failure>
  </testcase> <!-- @BeforeMethod setUp -->
  <testcase name="@AfterMethod tearDown" time="0.0" classname="com.OHRM.qa.TestCases.Home_Page_Test">
    <skipped/>
  </testcase> <!-- @AfterMethod tearDown -->
  <testcase name="@BeforeMethod setUp" time="0.0" classname="com.OHRM.qa.TestCases.Home_Page_Test">
    <skipped/>
  </testcase> <!-- @BeforeMethod setUp -->
  <testcase name="@AfterMethod tearDown" time="0.0" classname="com.OHRM.qa.TestCases.Home_Page_Test">
    <skipped/>
  </testcase> <!-- @AfterMethod tearDown -->
  <testcase name="@BeforeMethod setUp" time="0.0" classname="com.OHRM.qa.TestCases.Login_Page_Test">
    <failure type="org.openqa.selenium.SessionNotCreatedException" message="session not created: This version of ChromeDriver only supports Chrome version 86
Current browser version is 88.0.4324.190 with binary path C:\Program Files (x86)\Google\Chrome\Application\chrome.exe
Build info: version: &amp;apos;3.141.59&amp;apos;, revision: &amp;apos;e82be7d358&amp;apos;, time: &amp;apos;2018-11-14T08:17:03&amp;apos;
System info: host: &amp;apos;LAPTOP-ST9EO4K2&amp;apos;, ip: &amp;apos;192.168.1.5&amp;apos;, os.name: &amp;apos;Windows 10&amp;apos;, os.arch: &amp;apos;amd64&amp;apos;, os.version: &amp;apos;10.0&amp;apos;, java.version: &amp;apos;1.8.0_121&amp;apos;
Driver info: driver.version: ChromeDriver
remote stacktrace: Backtrace:
	Ordinal0 [0x005DC013+3194899]
	Ordinal0 [0x004C6021+2056225]
	Ordinal0 [0x0035F608+587272]
	Ordinal0 [0x002E1BF3+72691]
	Ordinal0 [0x002DE229+57897]
	Ordinal0 [0x002DC64A+50762]
	Ordinal0 [0x00301EE9+204521]
	Ordinal0 [0x00301D0D+204045]
	Ordinal0 [0x002FFC1B+195611]
	Ordinal0 [0x002E3B7F+80767]
	Ordinal0 [0x002E4B4E+84814]
	Ordinal0 [0x002E4AD9+84697]
	Ordinal0 [0x004DCE64+2149988]
	GetHandleVerifier [0x0074BE95+1400773]
	GetHandleVerifier [0x0074BB61+1399953]
	GetHandleVerifier [0x007531FA+1430314]
	GetHandleVerifier [0x0074C69F+1402831]
	Ordinal0 [0x004D3D61+2112865]
	Ordinal0 [0x004DE5CB+2155979]
	Ordinal0 [0x004DE6F5+2156277]
	Ordinal0 [0x004EF26E+2224750]
	BaseThreadInitThunk [0x75126359+25]
	RtlGetAppContainerNamedObjectPath [0x77978944+228]
	RtlGetAppContainerNamedObjectPath [0x77978914+180]
">
      <![CDATA[org.openqa.selenium.SessionNotCreatedException: session not created: This version of ChromeDriver only supports Chrome version 86
Current browser version is 88.0.4324.190 with binary path C:\Program Files (x86)\Google\Chrome\Application\chrome.exe
Build info: version: '3.141.59', revision: 'e82be7d358', time: '2018-11-14T08:17:03'
System info: host: 'LAPTOP-ST9EO4K2', ip: '192.168.1.5', os.name: 'Windows 10', os.arch: 'amd64', os.version: '10.0', java.version: '1.8.0_121'
Driver info: driver.version: ChromeDriver
remote stacktrace: Backtrace:
	Ordinal0 [0x005DC013+3194899]
	Ordinal0 [0x004C6021+2056225]
	Ordinal0 [0x0035F608+587272]
	Ordinal0 [0x002E1BF3+72691]
	Ordinal0 [0x002DE229+57897]
	Ordinal0 [0x002DC64A+50762]
	Ordinal0 [0x00301EE9+204521]
	Ordinal0 [0x00301D0D+204045]
	Ordinal0 [0x002FFC1B+195611]
	Ordinal0 [0x002E3B7F+80767]
	Ordinal0 [0x002E4B4E+84814]
	Ordinal0 [0x002E4AD9+84697]
	Ordinal0 [0x004DCE64+2149988]
	GetHandleVerifier [0x0074BE95+1400773]
	GetHandleVerifier [0x0074BB61+1399953]
	GetHandleVerifier [0x007531FA+1430314]
	GetHandleVerifier [0x0074C69F+1402831]
	Ordinal0 [0x004D3D61+2112865]
	Ordinal0 [0x004DE5CB+2155979]
	Ordinal0 [0x004DE6F5+2156277]
	Ordinal0 [0x004EF26E+2224750]
	BaseThreadInitThunk [0x75126359+25]
	RtlGetAppContainerNamedObjectPath [0x77978944+228]
	RtlGetAppContainerNamedObjectPath [0x77978914+180]

	at org.openqa.selenium.remote.W3CHandshakeResponse.lambda$errorHandler$0(W3CHandshakeResponse.java:62)
	at org.openqa.selenium.remote.HandshakeResponse.lambda$getResponseFunction$0(HandshakeResponse.java:30)
	at org.openqa.selenium.remote.ProtocolHandshake.lambda$createSession$0(ProtocolHandshake.java:126)
	at java.util.stream.ReferencePipeline$3$1.accept(ReferencePipeline.java:193)
	at java.util.Spliterators$ArraySpliterator.tryAdvance(Spliterators.java:958)
	at java.util.stream.ReferencePipeline.forEachWithCancel(ReferencePipeline.java:126)
	at java.util.stream.AbstractPipeline.copyIntoWithCancel(AbstractPipeline.java:498)
	at java.util.stream.AbstractPipeline.copyInto(AbstractPipeline.java:485)
	at java.util.stream.AbstractPipeline.wrapAndCopyInto(AbstractPipeline.java:471)
	at java.util.stream.FindOps$FindOp.evaluateSequential(FindOps.java:152)
	at java.util.stream.AbstractPipeline.evaluate(AbstractPipeline.java:234)
	at java.util.stream.ReferencePipeline.findFirst(ReferencePipeline.java:464)
	at org.openqa.selenium.remote.ProtocolHandshake.createSession(ProtocolHandshake.java:128)
	at org.openqa.selenium.remote.ProtocolHandshake.createSession(ProtocolHandshake.java:74)
	at org.openqa.selenium.remote.HttpCommandExecutor.execute(HttpCommandExecutor.java:136)
	at org.openqa.selenium.remote.service.DriverCommandExecutor.execute(DriverCommandExecutor.java:83)
	at org.openqa.selenium.remote.RemoteWebDriver.execute(RemoteWebDriver.java:552)
	at org.openqa.selenium.remote.RemoteWebDriver.startSession(RemoteWebDriver.java:213)
	at org.openqa.selenium.remote.RemoteWebDriver.<init>(RemoteWebDriver.java:131)
	at org.openqa.selenium.chrome.ChromeDriver.<init>(ChromeDriver.java:181)
	at org.openqa.selenium.chrome.ChromeDriver.<init>(ChromeDriver.java:168)
	at org.openqa.selenium.chrome.ChromeDriver.<init>(ChromeDriver.java:123)
	at com.OHRM.qa.Base.TestBase.initialization(TestBase.java:43)
	at com.OHRM.qa.TestCases.Login_Page_Test.setUp(Login_Page_Test.java:24)
... Removed 31 stack frames]]>
    </failure>
  </testcase> <!-- @BeforeMethod setUp -->
  <testcase name="@AfterMethod tearDown" time="0.0" classname="com.OHRM.qa.TestCases.Login_Page_Test">
    <skipped/>
  </testcase> <!-- @AfterMethod tearDown -->
  <testcase name="@BeforeMethod setUp" time="0.0" classname="com.OHRM.qa.TestCases.Home_Page_Test">
    <skipped/>
  </testcase> <!-- @BeforeMethod setUp -->
  <testcase name="@AfterMethod tearDown" time="0.0" classname="com.OHRM.qa.TestCases.Home_Page_Test">
    <skipped/>
  </testcase> <!-- @AfterMethod tearDown -->
  <testcase name="@BeforeMethod setUp" time="0.0" classname="com.OHRM.qa.TestCases.Login_Page_Test">
    <skipped/>
  </testcase> <!-- @BeforeMethod setUp -->
  <testcase name="@AfterMethod tearDown" time="0.0" classname="com.OHRM.qa.TestCases.Login_Page_Test">
    <skipped/>
  </testcase> <!-- @AfterMethod tearDown -->
  <testcase name="@BeforeMethod setUp" time="0.0" classname="com.OHRM.qa.TestCases.Home_Page_Test">
    <skipped/>
  </testcase> <!-- @BeforeMethod setUp -->
  <testcase name="@AfterMethod tearDown" time="0.0" classname="com.OHRM.qa.TestCases.Home_Page_Test">
    <skipped/>
  </testcase> <!-- @AfterMethod tearDown -->
  <testcase name="@BeforeMethod setUp" time="0.0" classname="com.OHRM.qa.TestCases.Login_Page_Test">
    <skipped/>
  </testcase> <!-- @BeforeMethod setUp -->
  <testcase name="@AfterMethod tearDown" time="0.0" classname="com.OHRM.qa.TestCases.Login_Page_Test">
    <skipped/>
  </testcase> <!-- @AfterMethod tearDown -->
  <testcase name="@BeforeMethod setup" time="0.0" classname="com.OHRM.qa.TestCases.AddEmp_Test">
    <failure type="org.openqa.selenium.SessionNotCreatedException" message="session not created: This version of ChromeDriver only supports Chrome version 86
Current browser version is 88.0.4324.190 with binary path C:\Program Files (x86)\Google\Chrome\Application\chrome.exe
Build info: version: &amp;apos;3.141.59&amp;apos;, revision: &amp;apos;e82be7d358&amp;apos;, time: &amp;apos;2018-11-14T08:17:03&amp;apos;
System info: host: &amp;apos;LAPTOP-ST9EO4K2&amp;apos;, ip: &amp;apos;192.168.1.5&amp;apos;, os.name: &amp;apos;Windows 10&amp;apos;, os.arch: &amp;apos;amd64&amp;apos;, os.version: &amp;apos;10.0&amp;apos;, java.version: &amp;apos;1.8.0_121&amp;apos;
Driver info: driver.version: ChromeDriver
remote stacktrace: Backtrace:
	Ordinal0 [0x005DC013+3194899]
	Ordinal0 [0x004C6021+2056225]
	Ordinal0 [0x0035F608+587272]
	Ordinal0 [0x002E1BF3+72691]
	Ordinal0 [0x002DE229+57897]
	Ordinal0 [0x002DC64A+50762]
	Ordinal0 [0x00301EE9+204521]
	Ordinal0 [0x00301D0D+204045]
	Ordinal0 [0x002FFC1B+195611]
	Ordinal0 [0x002E3B7F+80767]
	Ordinal0 [0x002E4B4E+84814]
	Ordinal0 [0x002E4AD9+84697]
	Ordinal0 [0x004DCE64+2149988]
	GetHandleVerifier [0x0074BE95+1400773]
	GetHandleVerifier [0x0074BB61+1399953]
	GetHandleVerifier [0x007531FA+1430314]
	GetHandleVerifier [0x0074C69F+1402831]
	Ordinal0 [0x004D3D61+2112865]
	Ordinal0 [0x004DE5CB+2155979]
	Ordinal0 [0x004DE6F5+2156277]
	Ordinal0 [0x004EF26E+2224750]
	BaseThreadInitThunk [0x75126359+25]
	RtlGetAppContainerNamedObjectPath [0x77978944+228]
	RtlGetAppContainerNamedObjectPath [0x77978914+180]
">
      <![CDATA[org.openqa.selenium.SessionNotCreatedException: session not created: This version of ChromeDriver only supports Chrome version 86
Current browser version is 88.0.4324.190 with binary path C:\Program Files (x86)\Google\Chrome\Application\chrome.exe
Build info: version: '3.141.59', revision: 'e82be7d358', time: '2018-11-14T08:17:03'
System info: host: 'LAPTOP-ST9EO4K2', ip: '192.168.1.5', os.name: 'Windows 10', os.arch: 'amd64', os.version: '10.0', java.version: '1.8.0_121'
Driver info: driver.version: ChromeDriver
remote stacktrace: Backtrace:
	Ordinal0 [0x005DC013+3194899]
	Ordinal0 [0x004C6021+2056225]
	Ordinal0 [0x0035F608+587272]
	Ordinal0 [0x002E1BF3+72691]
	Ordinal0 [0x002DE229+57897]
	Ordinal0 [0x002DC64A+50762]
	Ordinal0 [0x00301EE9+204521]
	Ordinal0 [0x00301D0D+204045]
	Ordinal0 [0x002FFC1B+195611]
	Ordinal0 [0x002E3B7F+80767]
	Ordinal0 [0x002E4B4E+84814]
	Ordinal0 [0x002E4AD9+84697]
	Ordinal0 [0x004DCE64+2149988]
	GetHandleVerifier [0x0074BE95+1400773]
	GetHandleVerifier [0x0074BB61+1399953]
	GetHandleVerifier [0x007531FA+1430314]
	GetHandleVerifier [0x0074C69F+1402831]
	Ordinal0 [0x004D3D61+2112865]
	Ordinal0 [0x004DE5CB+2155979]
	Ordinal0 [0x004DE6F5+2156277]
	Ordinal0 [0x004EF26E+2224750]
	BaseThreadInitThunk [0x75126359+25]
	RtlGetAppContainerNamedObjectPath [0x77978944+228]
	RtlGetAppContainerNamedObjectPath [0x77978914+180]

	at org.openqa.selenium.remote.W3CHandshakeResponse.lambda$errorHandler$0(W3CHandshakeResponse.java:62)
	at org.openqa.selenium.remote.HandshakeResponse.lambda$getResponseFunction$0(HandshakeResponse.java:30)
	at org.openqa.selenium.remote.ProtocolHandshake.lambda$createSession$0(ProtocolHandshake.java:126)
	at java.util.stream.ReferencePipeline$3$1.accept(ReferencePipeline.java:193)
	at java.util.Spliterators$ArraySpliterator.tryAdvance(Spliterators.java:958)
	at java.util.stream.ReferencePipeline.forEachWithCancel(ReferencePipeline.java:126)
	at java.util.stream.AbstractPipeline.copyIntoWithCancel(AbstractPipeline.java:498)
	at java.util.stream.AbstractPipeline.copyInto(AbstractPipeline.java:485)
	at java.util.stream.AbstractPipeline.wrapAndCopyInto(AbstractPipeline.java:471)
	at java.util.stream.FindOps$FindOp.evaluateSequential(FindOps.java:152)
	at java.util.stream.AbstractPipeline.evaluate(AbstractPipeline.java:234)
	at java.util.stream.ReferencePipeline.findFirst(ReferencePipeline.java:464)
	at org.openqa.selenium.remote.ProtocolHandshake.createSession(ProtocolHandshake.java:128)
	at org.openqa.selenium.remote.ProtocolHandshake.createSession(ProtocolHandshake.java:74)
	at org.openqa.selenium.remote.HttpCommandExecutor.execute(HttpCommandExecutor.java:136)
	at org.openqa.selenium.remote.service.DriverCommandExecutor.execute(DriverCommandExecutor.java:83)
	at org.openqa.selenium.remote.RemoteWebDriver.execute(RemoteWebDriver.java:552)
	at org.openqa.selenium.remote.RemoteWebDriver.startSession(RemoteWebDriver.java:213)
	at org.openqa.selenium.remote.RemoteWebDriver.<init>(RemoteWebDriver.java:131)
	at org.openqa.selenium.chrome.ChromeDriver.<init>(ChromeDriver.java:181)
	at org.openqa.selenium.chrome.ChromeDriver.<init>(ChromeDriver.java:168)
	at org.openqa.selenium.chrome.ChromeDriver.<init>(ChromeDriver.java:123)
	at com.OHRM.qa.Base.TestBase.initialization(TestBase.java:43)
	at com.OHRM.qa.TestCases.AddEmp_Test.setup(AddEmp_Test.java:30)
... Removed 31 stack frames]]>
    </failure>
  </testcase> <!-- @BeforeMethod setup -->
  <testcase name="@AfterMethod tearDown" time="0.0" classname="com.OHRM.qa.TestCases.AddEmp_Test">
    <skipped/>
  </testcase> <!-- @AfterMethod tearDown -->
  <testcase name="@BeforeMethod setup" time="0.0" classname="com.OHRM.qa.TestCases.AddEmp_Test">
    <skipped/>
  </testcase> <!-- @BeforeMethod setup -->
  <testcase name="@AfterMethod tearDown" time="0.0" classname="com.OHRM.qa.TestCases.AddEmp_Test">
    <skipped/>
  </testcase> <!-- @AfterMethod tearDown -->
  <testcase name="@BeforeMethod setup" time="0.0" classname="com.OHRM.qa.TestCases.AddEmp_Test">
    <skipped/>
  </testcase> <!-- @BeforeMethod setup -->
  <testcase name="@AfterMethod tearDown" time="0.0" classname="com.OHRM.qa.TestCases.AddEmp_Test">
    <skipped/>
  </testcase> <!-- @AfterMethod tearDown -->
  <testcase name="@BeforeMethod setup" time="0.0" classname="com.OHRM.qa.TestCases.AddEmp_Test">
    <skipped/>
  </testcase> <!-- @BeforeMethod setup -->
  <testcase name="@AfterMethod tearDown" time="0.0" classname="com.OHRM.qa.TestCases.AddEmp_Test">
    <skipped/>
  </testcase> <!-- @AfterMethod tearDown -->
  <testcase name="@BeforeMethod setup" time="0.0" classname="com.OHRM.qa.TestCases.AddEmp_Test">
    <skipped/>
  </testcase> <!-- @BeforeMethod setup -->
  <testcase name="@AfterMethod tearDown" time="0.0" classname="com.OHRM.qa.TestCases.AddEmp_Test">
    <skipped/>
  </testcase> <!-- @AfterMethod tearDown -->
  <testcase name="@BeforeMethod setup" time="0.0" classname="com.OHRM.qa.TestCases.AddEmp_Test">
    <skipped/>
  </testcase> <!-- @BeforeMethod setup -->
  <testcase name="@AfterMethod tearDown" time="0.0" classname="com.OHRM.qa.TestCases.AddEmp_Test">
    <skipped/>
  </testcase> <!-- @AfterMethod tearDown -->
  <testcase name="@BeforeMethod setUp" time="0.0" classname="com.OHRM.qa.TestCases.Home_Page_Test">
    <skipped/>
  </testcase> <!-- @BeforeMethod setUp -->
  <testcase name="@AfterMethod tearDown" time="0.0" classname="com.OHRM.qa.TestCases.Home_Page_Test">
    <skipped/>
  </testcase> <!-- @AfterMethod tearDown -->
  <testcase name="verifyLogout" time="0.003" classname="com.OHRM.qa.TestCases.Home_Page_Test">
    <skipped/>
  </testcase> <!-- verifyLogout -->
  <testcase name="homePageTittle" time="0.003" classname="com.OHRM.qa.TestCases.Home_Page_Test">
    <skipped/>
  </testcase> <!-- homePageTittle -->
  <testcase name="loginPage_Tittle_Test" time="0.002" classname="com.OHRM.qa.TestCases.Login_Page_Test">
    <skipped/>
  </testcase> <!-- loginPage_Tittle_Test -->
  <testcase name="veryfiyAdminPage" time="0.003" classname="com.OHRM.qa.TestCases.Home_Page_Test">
    <skipped/>
  </testcase> <!-- veryfiyAdminPage -->
  <testcase name="loginpage_Logo_Test" time="0.002" classname="com.OHRM.qa.TestCases.Login_Page_Test">
    <skipped/>
  </testcase> <!-- loginpage_Logo_Test -->
  <testcase name="verifyPIMpage" time="0.003" classname="com.OHRM.qa.TestCases.Home_Page_Test">
    <skipped/>
  </testcase> <!-- verifyPIMpage -->
  <testcase name="login_Test" time="0.003" classname="com.OHRM.qa.TestCases.Login_Page_Test">
    <skipped/>
  </testcase> <!-- login_Test -->
  <testcase name="verifyAddEmp" time="0.002" classname="com.OHRM.qa.TestCases.AddEmp_Test">
    <skipped/>
  </testcase> <!-- verifyAddEmp -->
  <testcase name="verifyAddEmp" time="0.002" classname="com.OHRM.qa.TestCases.AddEmp_Test">
    <skipped/>
  </testcase> <!-- verifyAddEmp -->
  <testcase name="verifyAddEmp" time="0.001" classname="com.OHRM.qa.TestCases.AddEmp_Test">
    <skipped/>
  </testcase> <!-- verifyAddEmp -->
  <testcase name="verifyAddEmp" time="0.001" classname="com.OHRM.qa.TestCases.AddEmp_Test">
    <skipped/>
  </testcase> <!-- verifyAddEmp -->
  <testcase name="verifyAddEmp" time="0.001" classname="com.OHRM.qa.TestCases.AddEmp_Test">
    <skipped/>
  </testcase> <!-- verifyAddEmp -->
  <testcase name="verifyAddEmp" time="0.002" classname="com.OHRM.qa.TestCases.AddEmp_Test">
    <skipped/>
  </testcase> <!-- verifyAddEmp -->
  <testcase name="verifyMyinfo" time="0.002" classname="com.OHRM.qa.TestCases.Home_Page_Test">
    <skipped/>
  </testcase> <!-- verifyMyinfo -->
</testsuite> <!-- Test -->
