<html>
<head>
<title>TestNG:  Command line test</title>
<link href="../testng.css" rel="stylesheet" type="text/css" />
<link href="../my-testng.css" rel="stylesheet" type="text/css" />

<style type="text/css">
.log { display: none;} 
.stack-trace { display: none;} 
</style>
<script type="text/javascript">
<!--
function flip(e) {
  current = e.style.display;
  if (current == 'block') {
    e.style.display = 'none';
    return 0;
  }
  else {
    e.style.display = 'block';
    return 1;
  }
}

function toggleBox(szDivId, elem, msg1, msg2)
{
  var res = -1;  if (document.getElementById) {
    res = flip(document.getElementById(szDivId));
  }
  else if (document.all) {
    // this is the way old msie versions work
    res = flip(document.all[szDivId]);
  }
  if(elem) {
    if(res == 0) elem.innerHTML = msg1; else elem.innerHTML = msg2;
  }

}

function toggleAllBoxes() {
  if (document.getElementsByTagName) {
    d = document.getElementsByTagName('div');
    for (i = 0; i < d.length; i++) {
      if (d[i].className == 'log') {
        flip(d[i]);
      }
    }
  }
}

// -->
</script>

</head>
<body>
<h2 align='center'>Command line test</h2><table border='1' align="center">
<tr>
<td>Tests passed/Failed/Skipped:</td><td>5/0/9</td>
</tr><tr>
<td>Started on:</td><td>Tue Mar 02 12:13:43 IST 2021</td>
</tr>
<tr><td>Total time:</td><td>1916 seconds (1916171 ms)</td>
</tr><tr>
<td>Included groups:</td><td></td>
</tr><tr>
<td>Excluded groups:</td><td></td>
</tr>
</table><p/>
<small><i>(Hover the method name to see the test class name)</i></small><p/>
<table width='100%' border='1' class='invocation-failed'>
<tr><td colspan='4' align='center'><b>FAILED CONFIGURATIONS</b></td></tr>
<tr><td><b>Test method</b></td>
<td width="30%"><b>Exception</b></td>
<td width="10%"><b>Time (seconds)</b></td>
<td><b>Instance</b></td>
</tr>
<tr>
<td title='com.OHRM.qa.TestCases.Login_Page_Test.setUp()'><b>setUp</b><br>Test class: com.OHRM.qa.TestCases.Login_Page_Test</td>
<td><div><pre>org.openqa.selenium.SessionNotCreatedException: session not created
from timeout: Timed out receiving message from renderer: 600.000
  (Session info: chrome=88.0.4324.190)
Build info: version: &apos;3.141.59&apos;, revision: &apos;e82be7d358&apos;, time: &apos;2018-11-14T08:17:03&apos;
System info: host: &apos;LAPTOP-ST9EO4K2&apos;, ip: &apos;192.168.1.5&apos;, os.name: &apos;Windows 10&apos;, os.arch: &apos;amd64&apos;, os.version: &apos;10.0&apos;, java.version: &apos;1.8.0_121&apos;
Driver info: driver.version: ChromeDriver
remote stacktrace: Backtrace:
	GetHandleVerifier [0x00E0B963+483]
	GetHandleVerifier [0x00E0B941+449]
	GetHandleVerifier [0x011B3308+3832712]
	GetHandleVerifier [0x011A778C+3784716]
	GetHandleVerifier [0x011A6A47+3781319]
	GetHandleVerifier [0x011A6E36+3782326]
	GetHandleVerifier [0x011A6765+3780581]
	GetHandleVerifier [0x011AFB21+3818401]
	GetHandleVerifier [0x011A6721+3780513]
	GetHandleVerifier [0x011A74B2+3783986]
	GetHandleVerifier [0x011A6A47+3781319]
	GetHandleVerifier [0x011A6E36+3782326]
	GetHandleVerifier [0x011A6765+3780581]
	GetHandleVerifier [0x011ADF9C+3811356]
	GetHandleVerifier [0x011A6721+3780513]
	GetHandleVerifier [0x011A74B2+3783986]
	GetHandleVerifier [0x011A6A47+3781319]
	GetHandleVerifier [0x011A6E36+3782326]
	GetHandleVerifier [0x011A6765+3780581]
	GetHandleVerifier [0x011AC392+3804178]
	GetHandleVerifier [0x011A6721+3780513]
	GetHandleVerifier [0x011A74B2+3783986]
	GetHandleVerifier [0x011A6A47+3781319]
	GetHandleVerifier [0x011A6E36+3782326]
	GetHandleVerifier [0x011A6765+3780581]
	GetHandleVerifier [0x011AB655+3800789]
	GetHandleVerifier [0x011A6721+3780513]
	GetHandleVerifier [0x011A74B2+3783986]
	GetHandleVerifier [0x011A6A47+3781319]
	GetHandleVerifier [0x011A6E36+3782326]
	GetHandleVerifier [0x011A6765+3780581]
	GetHandleVerifier [0x011A2F46+3766214]
	GetHandleVerifier [0x011A6721+3780513]
	GetHandleVerifier [0x011A6543+3780035]
	GetHandleVerifier [0x011A6337+3779511]
	GetHandleVerifier [0x011B4540+3837376]
	GetHandleVerifier [0x011EF4BC+4078908]
	GetHandleVerifier [0x011EE56C+4074988]
	GetHandleVerifier [0x011EB2EB+4062059]
	GetHandleVerifier [0x011CED14+3945876]
	GetHandleVerifier [0x011CFBCE+3949646]
	GetHandleVerifier [0x011CFB59+3949529]
	Ordinal0 [0x00DCB5CC+46540]
	Ordinal0 [0x00DC9F53+40787]
	Ordinal0 [0x00DC9B12+39698]
	GetHandleVerifier [0x010D1468+2907368]
	GetHandleVerifier [0x00F171EE+1096302]
	GetHandleVerifier [0x00ED3E8D+821005]
	GetHandleVerifier [0x00ED396B+819691]
	GetHandleVerifier [0x00ED3881+819457]
	GetHandleVerifier [0x00EFF463+998627]
	BaseThreadInitThunk [0x763F6359+25]
	RtlGetAppContainerNamedObjectPath [0x777A8944+228]
	RtlGetAppContainerNamedObjectPath [0x777A8914+180]

	at org.openqa.selenium.remote.W3CHandshakeResponse.lambda$errorHandler$0(W3CHandshakeResponse.java:62)
	at org.openqa.selenium.remote.HandshakeResponse.lambda$getResponseFunction$0(HandshakeResponse.java:30)
	at org.openqa.selenium.remote.ProtocolHandshake.lambda$createSession$0(ProtocolHandshake.java:126)
	at java.util.stream.ReferencePipeline$3$1.accept(ReferencePipeline.java:193)
	at java.util.Spliterators$ArraySpliterator.tryAdvance(Spliterators.java:958)
	at java.util.stream.ReferencePipeline.forEachWithCancel(ReferencePipeline.java:126)
	at java.util.stream.AbstractPipeline.copyIntoWithCancel(AbstractPipeline.java:498)
	at java.util.stream.AbstractPipeline.copyInto(AbstractPipeline.java:485)
	at java.util.stream.AbstractPipeline.wrapAndCopyInto(AbstractPipeline.java:471)
	at java.util.stream.FindOps$FindOp.evaluateSequential(FindOps.java:152)
	at java.util.stream.AbstractPipeline.evaluate(AbstractPipeline.java:234)
	at java.util.stream.ReferencePipeline.findFirst(ReferencePipeline.java:464)
	at org.openqa.selenium.remote.ProtocolHandshake.createSession(ProtocolHandshake.java:128)
	at org.openqa.selenium.remote.ProtocolHandshake.createSession(ProtocolHandshake.java:74)
	at org.openqa.selenium.remote.HttpCommandExecutor.execute(HttpCommandExecutor.java:136)
	at org.openqa.selenium.remote.service.DriverCommandExecutor.execute(DriverCommandExecutor.java:83)
	at org.openqa.selenium.remote.RemoteWebDriver.execute(RemoteWebDriver.java:552)
	at org.openqa.selenium.remote.RemoteWebDriver.startSession(RemoteWebDriver.java:213)
	at org.openqa.selenium.remote.RemoteWebDriver.&lt;init&gt;(RemoteWebDriver.java:131)
	at org.openqa.selenium.chrome.ChromeDriver.&lt;init&gt;(ChromeDriver.java:181)
	at org.openqa.selenium.chrome.ChromeDriver.&lt;init&gt;(ChromeDriver.java:168)
	at org.openqa.selenium.chrome.ChromeDriver.&lt;init&gt;(ChromeDriver.java:123)
	at com.OHRM.qa.Base.TestBase.initialization(TestBase.java:43)
	at com.OHRM.qa.TestCases.Login_Page_Test.setUp(Login_Page_Test.java:24)
... Removed 40 stack frames</pre></div><a href='#' onClick='toggleBox("stack-trace753321708", this, "Click to show all stack frames", "Click to hide stack frames")'>Click to show all stack frames</a>
<div class='stack-trace' id='stack-trace753321708'><pre>org.openqa.selenium.SessionNotCreatedException: session not created
from timeout: Timed out receiving message from renderer: 600.000
  (Session info: chrome=88.0.4324.190)
Build info: version: &apos;3.141.59&apos;, revision: &apos;e82be7d358&apos;, time: &apos;2018-11-14T08:17:03&apos;
System info: host: &apos;LAPTOP-ST9EO4K2&apos;, ip: &apos;192.168.1.5&apos;, os.name: &apos;Windows 10&apos;, os.arch: &apos;amd64&apos;, os.version: &apos;10.0&apos;, java.version: &apos;1.8.0_121&apos;
Driver info: driver.version: ChromeDriver
remote stacktrace: Backtrace:
	GetHandleVerifier [0x00E0B963+483]
	GetHandleVerifier [0x00E0B941+449]
	GetHandleVerifier [0x011B3308+3832712]
	GetHandleVerifier [0x011A778C+3784716]
	GetHandleVerifier [0x011A6A47+3781319]
	GetHandleVerifier [0x011A6E36+3782326]
	GetHandleVerifier [0x011A6765+3780581]
	GetHandleVerifier [0x011AFB21+3818401]
	GetHandleVerifier [0x011A6721+3780513]
	GetHandleVerifier [0x011A74B2+3783986]
	GetHandleVerifier [0x011A6A47+3781319]
	GetHandleVerifier [0x011A6E36+3782326]
	GetHandleVerifier [0x011A6765+3780581]
	GetHandleVerifier [0x011ADF9C+3811356]
	GetHandleVerifier [0x011A6721+3780513]
	GetHandleVerifier [0x011A74B2+3783986]
	GetHandleVerifier [0x011A6A47+3781319]
	GetHandleVerifier [0x011A6E36+3782326]
	GetHandleVerifier [0x011A6765+3780581]
	GetHandleVerifier [0x011AC392+3804178]
	GetHandleVerifier [0x011A6721+3780513]
	GetHandleVerifier [0x011A74B2+3783986]
	GetHandleVerifier [0x011A6A47+3781319]
	GetHandleVerifier [0x011A6E36+3782326]
	GetHandleVerifier [0x011A6765+3780581]
	GetHandleVerifier [0x011AB655+3800789]
	GetHandleVerifier [0x011A6721+3780513]
	GetHandleVerifier [0x011A74B2+3783986]
	GetHandleVerifier [0x011A6A47+3781319]
	GetHandleVerifier [0x011A6E36+3782326]
	GetHandleVerifier [0x011A6765+3780581]
	GetHandleVerifier [0x011A2F46+3766214]
	GetHandleVerifier [0x011A6721+3780513]
	GetHandleVerifier [0x011A6543+3780035]
	GetHandleVerifier [0x011A6337+3779511]
	GetHandleVerifier [0x011B4540+3837376]
	GetHandleVerifier [0x011EF4BC+4078908]
	GetHandleVerifier [0x011EE56C+4074988]
	GetHandleVerifier [0x011EB2EB+4062059]
	GetHandleVerifier [0x011CED14+3945876]
	GetHandleVerifier [0x011CFBCE+3949646]
	GetHandleVerifier [0x011CFB59+3949529]
	Ordinal0 [0x00DCB5CC+46540]
	Ordinal0 [0x00DC9F53+40787]
	Ordinal0 [0x00DC9B12+39698]
	GetHandleVerifier [0x010D1468+2907368]
	GetHandleVerifier [0x00F171EE+1096302]
	GetHandleVerifier [0x00ED3E8D+821005]
	GetHandleVerifier [0x00ED396B+819691]
	GetHandleVerifier [0x00ED3881+819457]
	GetHandleVerifier [0x00EFF463+998627]
	BaseThreadInitThunk [0x763F6359+25]
	RtlGetAppContainerNamedObjectPath [0x777A8944+228]
	RtlGetAppContainerNamedObjectPath [0x777A8914+180]

	at sun.reflect.NativeConstructorAccessorImpl.newInstance0(Native Method)
	at sun.reflect.NativeConstructorAccessorImpl.newInstance(NativeConstructorAccessorImpl.java:62)
	at sun.reflect.DelegatingConstructorAccessorImpl.newInstance(DelegatingConstructorAccessorImpl.java:45)
	at java.lang.reflect.Constructor.newInstance(Constructor.java:423)
	at org.openqa.selenium.remote.W3CHandshakeResponse.lambda$errorHandler$0(W3CHandshakeResponse.java:62)
	at org.openqa.selenium.remote.HandshakeResponse.lambda$getResponseFunction$0(HandshakeResponse.java:30)
	at org.openqa.selenium.remote.ProtocolHandshake.lambda$createSession$0(ProtocolHandshake.java:126)
	at java.util.stream.ReferencePipeline$3$1.accept(ReferencePipeline.java:193)
	at java.util.Spliterators$ArraySpliterator.tryAdvance(Spliterators.java:958)
	at java.util.stream.ReferencePipeline.forEachWithCancel(ReferencePipeline.java:126)
	at java.util.stream.AbstractPipeline.copyIntoWithCancel(AbstractPipeline.java:498)
	at java.util.stream.AbstractPipeline.copyInto(AbstractPipeline.java:485)
	at java.util.stream.AbstractPipeline.wrapAndCopyInto(AbstractPipeline.java:471)
	at java.util.stream.FindOps$FindOp.evaluateSequential(FindOps.java:152)
	at java.util.stream.AbstractPipeline.evaluate(AbstractPipeline.java:234)
	at java.util.stream.ReferencePipeline.findFirst(ReferencePipeline.java:464)
	at org.openqa.selenium.remote.ProtocolHandshake.createSession(ProtocolHandshake.java:128)
	at org.openqa.selenium.remote.ProtocolHandshake.createSession(ProtocolHandshake.java:74)
	at org.openqa.selenium.remote.HttpCommandExecutor.execute(HttpCommandExecutor.java:136)
	at org.openqa.selenium.remote.service.DriverCommandExecutor.execute(DriverCommandExecutor.java:83)
	at org.openqa.selenium.remote.RemoteWebDriver.execute(RemoteWebDriver.java:552)
	at org.openqa.selenium.remote.RemoteWebDriver.startSession(RemoteWebDriver.java:213)
	at org.openqa.selenium.remote.RemoteWebDriver.&lt;init&gt;(RemoteWebDriver.java:131)
	at org.openqa.selenium.chrome.ChromeDriver.&lt;init&gt;(ChromeDriver.java:181)
	at org.openqa.selenium.chrome.ChromeDriver.&lt;init&gt;(ChromeDriver.java:168)
	at org.openqa.selenium.chrome.ChromeDriver.&lt;init&gt;(ChromeDriver.java:123)
	at com.OHRM.qa.Base.TestBase.initialization(TestBase.java:43)
	at com.OHRM.qa.TestCases.Login_Page_Test.setUp(Login_Page_Test.java:24)
	at sun.reflect.NativeMethodAccessorImpl.invoke0(Native Method)
	at sun.reflect.NativeMethodAccessorImpl.invoke(NativeMethodAccessorImpl.java:62)
	at sun.reflect.DelegatingMethodAccessorImpl.invoke(DelegatingMethodAccessorImpl.java:43)
	at java.lang.reflect.Method.invoke(Method.java:498)
	at org.testng.internal.MethodInvocationHelper.invokeMethod(MethodInvocationHelper.java:85)
	at org.testng.internal.Invoker.invokeConfigurationMethod(Invoker.java:510)
	at org.testng.internal.Invoker.invokeConfigurations(Invoker.java:211)
	at org.testng.internal.Invoker.invokeMethod(Invoker.java:585)
	at org.testng.internal.Invoker.invokeTestMethod(Invoker.java:816)
	at org.testng.internal.Invoker.invokeTestMethods(Invoker.java:1124)
	at org.testng.internal.TestMethodWorker.invokeTestMethods(TestMethodWorker.java:125)
	at org.testng.internal.TestMethodWorker.run(TestMethodWorker.java:108)
	at org.testng.TestRunner.privateRun(TestRunner.java:774)
	at org.testng.TestRunner.run(TestRunner.java:624)
	at org.testng.SuiteRunner.runTest(SuiteRunner.java:359)
	at org.testng.SuiteRunner.runSequentially(SuiteRunner.java:354)
	at org.testng.SuiteRunner.privateRun(SuiteRunner.java:312)
	at org.testng.SuiteRunner.run(SuiteRunner.java:261)
	at org.testng.SuiteRunnerWorker.runSuite(SuiteRunnerWorker.java:52)
	at org.testng.SuiteRunnerWorker.run(SuiteRunnerWorker.java:86)
	at org.testng.TestNG.runSuitesSequentially(TestNG.java:1215)
	at org.testng.TestNG.runSuitesLocally(TestNG.java:1140)
	at org.testng.TestNG.run(TestNG.java:1048)
	at org.apache.maven.surefire.testng.TestNGExecutor.run(TestNGExecutor.java:77)
	at org.apache.maven.surefire.testng.TestNGDirectoryTestSuite.executeMulti(TestNGDirectoryTestSuite.java:159)
	at org.apache.maven.surefire.testng.TestNGDirectoryTestSuite.execute(TestNGDirectoryTestSuite.java:99)
	at org.apache.maven.surefire.testng.TestNGProvider.invoke(TestNGProvider.java:106)
	at sun.reflect.NativeMethodAccessorImpl.invoke0(Native Method)
	at sun.reflect.NativeMethodAccessorImpl.invoke(NativeMethodAccessorImpl.java:62)
	at sun.reflect.DelegatingMethodAccessorImpl.invoke(DelegatingMethodAccessorImpl.java:43)
	at java.lang.reflect.Method.invoke(Method.java:498)
	at org.apache.maven.surefire.util.ReflectionUtils.invokeMethodWithArray(ReflectionUtils.java:189)
	at org.apache.maven.surefire.booter.ProviderFactory$ProviderProxy.invoke(ProviderFactory.java:165)
	at org.apache.maven.surefire.booter.ProviderFactory.invokeProvider(ProviderFactory.java:85)
	at org.apache.maven.surefire.booter.ForkedBooter.runSuitesInProcess(ForkedBooter.java:115)
	at org.apache.maven.surefire.booter.ForkedBooter.main(ForkedBooter.java:75)
</pre></div></td>
<td>0</td>
<td>com.OHRM.qa.TestCases.Login_Page_Test@5034c75a</td></tr>
<tr>
<td title='com.OHRM.qa.TestCases.AddEmp_Test.setup()'><b>setup</b><br>Test class: com.OHRM.qa.TestCases.AddEmp_Test</td>
<td><div><pre>org.openqa.selenium.SessionNotCreatedException: session not created
from timeout: Timed out receiving message from renderer: 600.000
  (Session info: chrome=88.0.4324.190)
Build info: version: &apos;3.141.59&apos;, revision: &apos;e82be7d358&apos;, time: &apos;2018-11-14T08:17:03&apos;
System info: host: &apos;LAPTOP-ST9EO4K2&apos;, ip: &apos;192.168.1.5&apos;, os.name: &apos;Windows 10&apos;, os.arch: &apos;amd64&apos;, os.version: &apos;10.0&apos;, java.version: &apos;1.8.0_121&apos;
Driver info: driver.version: ChromeDriver
remote stacktrace: Backtrace:
	GetHandleVerifier [0x00E0B963+483]
	GetHandleVerifier [0x00E0B941+449]
	GetHandleVerifier [0x011B3308+3832712]
	GetHandleVerifier [0x011A778C+3784716]
	GetHandleVerifier [0x011A6A47+3781319]
	GetHandleVerifier [0x011A6E36+3782326]
	GetHandleVerifier [0x011A6765+3780581]
	GetHandleVerifier [0x011AC420+3804320]
	GetHandleVerifier [0x011A6721+3780513]
	GetHandleVerifier [0x011A74B2+3783986]
	GetHandleVerifier [0x011A6A47+3781319]
	GetHandleVerifier [0x011A6E36+3782326]
	GetHandleVerifier [0x011A6765+3780581]
	GetHandleVerifier [0x011AB655+3800789]
	GetHandleVerifier [0x011A6721+3780513]
	GetHandleVerifier [0x011A74B2+3783986]
	GetHandleVerifier [0x011A6A47+3781319]
	GetHandleVerifier [0x011A6E36+3782326]
	GetHandleVerifier [0x011A6765+3780581]
	GetHandleVerifier [0x011A2F46+3766214]
	GetHandleVerifier [0x011A6721+3780513]
	GetHandleVerifier [0x011A6543+3780035]
	GetHandleVerifier [0x011A6337+3779511]
	GetHandleVerifier [0x011B4540+3837376]
	GetHandleVerifier [0x011EF4BC+4078908]
	GetHandleVerifier [0x011EE56C+4074988]
	GetHandleVerifier [0x011EB2EB+4062059]
	GetHandleVerifier [0x011CED14+3945876]
	GetHandleVerifier [0x011CFBCE+3949646]
	GetHandleVerifier [0x011CFB59+3949529]
	Ordinal0 [0x00DCB5CC+46540]
	Ordinal0 [0x00DC9F53+40787]
	Ordinal0 [0x00DC9B12+39698]
	GetHandleVerifier [0x010D1468+2907368]
	GetHandleVerifier [0x00F171EE+1096302]
	GetHandleVerifier [0x00ED3E8D+821005]
	GetHandleVerifier [0x00ED396B+819691]
	GetHandleVerifier [0x00ED3881+819457]
	GetHandleVerifier [0x00EFF463+998627]
	BaseThreadInitThunk [0x763F6359+25]
	RtlGetAppContainerNamedObjectPath [0x777A8944+228]
	RtlGetAppContainerNamedObjectPath [0x777A8914+180]

	at org.openqa.selenium.remote.W3CHandshakeResponse.lambda$errorHandler$0(W3CHandshakeResponse.java:62)
	at org.openqa.selenium.remote.HandshakeResponse.lambda$getResponseFunction$0(HandshakeResponse.java:30)
	at org.openqa.selenium.remote.ProtocolHandshake.lambda$createSession$0(ProtocolHandshake.java:126)
	at java.util.stream.ReferencePipeline$3$1.accept(ReferencePipeline.java:193)
	at java.util.Spliterators$ArraySpliterator.tryAdvance(Spliterators.java:958)
	at java.util.stream.ReferencePipeline.forEachWithCancel(ReferencePipeline.java:126)
	at java.util.stream.AbstractPipeline.copyIntoWithCancel(AbstractPipeline.java:498)
	at java.util.stream.AbstractPipeline.copyInto(AbstractPipeline.java:485)
	at java.util.stream.AbstractPipeline.wrapAndCopyInto(AbstractPipeline.java:471)
	at java.util.stream.FindOps$FindOp.evaluateSequential(FindOps.java:152)
	at java.util.stream.AbstractPipeline.evaluate(AbstractPipeline.java:234)
	at java.util.stream.ReferencePipeline.findFirst(ReferencePipeline.java:464)
	at org.openqa.selenium.remote.ProtocolHandshake.createSession(ProtocolHandshake.java:128)
	at org.openqa.selenium.remote.ProtocolHandshake.createSession(ProtocolHandshake.java:74)
	at org.openqa.selenium.remote.HttpCommandExecutor.execute(HttpCommandExecutor.java:136)
	at org.openqa.selenium.remote.service.DriverCommandExecutor.execute(DriverCommandExecutor.java:83)
	at org.openqa.selenium.remote.RemoteWebDriver.execute(RemoteWebDriver.java:552)
	at org.openqa.selenium.remote.RemoteWebDriver.startSession(RemoteWebDriver.java:213)
	at org.openqa.selenium.remote.RemoteWebDriver.&lt;init&gt;(RemoteWebDriver.java:131)
	at org.openqa.selenium.chrome.ChromeDriver.&lt;init&gt;(ChromeDriver.java:181)
	at org.openqa.selenium.chrome.ChromeDriver.&lt;init&gt;(ChromeDriver.java:168)
	at org.openqa.selenium.chrome.ChromeDriver.&lt;init&gt;(ChromeDriver.java:123)
	at com.OHRM.qa.Base.TestBase.initialization(TestBase.java:43)
	at com.OHRM.qa.TestCases.AddEmp_Test.setup(AddEmp_Test.java:30)
... Removed 40 stack frames</pre></div><a href='#' onClick='toggleBox("stack-trace606593028", this, "Click to show all stack frames", "Click to hide stack frames")'>Click to show all stack frames</a>
<div class='stack-trace' id='stack-trace606593028'><pre>org.openqa.selenium.SessionNotCreatedException: session not created
from timeout: Timed out receiving message from renderer: 600.000
  (Session info: chrome=88.0.4324.190)
Build info: version: &apos;3.141.59&apos;, revision: &apos;e82be7d358&apos;, time: &apos;2018-11-14T08:17:03&apos;
System info: host: &apos;LAPTOP-ST9EO4K2&apos;, ip: &apos;192.168.1.5&apos;, os.name: &apos;Windows 10&apos;, os.arch: &apos;amd64&apos;, os.version: &apos;10.0&apos;, java.version: &apos;1.8.0_121&apos;
Driver info: driver.version: ChromeDriver
remote stacktrace: Backtrace:
	GetHandleVerifier [0x00E0B963+483]
	GetHandleVerifier [0x00E0B941+449]
	GetHandleVerifier [0x011B3308+3832712]
	GetHandleVerifier [0x011A778C+3784716]
	GetHandleVerifier [0x011A6A47+3781319]
	GetHandleVerifier [0x011A6E36+3782326]
	GetHandleVerifier [0x011A6765+3780581]
	GetHandleVerifier [0x011AC420+3804320]
	GetHandleVerifier [0x011A6721+3780513]
	GetHandleVerifier [0x011A74B2+3783986]
	GetHandleVerifier [0x011A6A47+3781319]
	GetHandleVerifier [0x011A6E36+3782326]
	GetHandleVerifier [0x011A6765+3780581]
	GetHandleVerifier [0x011AB655+3800789]
	GetHandleVerifier [0x011A6721+3780513]
	GetHandleVerifier [0x011A74B2+3783986]
	GetHandleVerifier [0x011A6A47+3781319]
	GetHandleVerifier [0x011A6E36+3782326]
	GetHandleVerifier [0x011A6765+3780581]
	GetHandleVerifier [0x011A2F46+3766214]
	GetHandleVerifier [0x011A6721+3780513]
	GetHandleVerifier [0x011A6543+3780035]
	GetHandleVerifier [0x011A6337+3779511]
	GetHandleVerifier [0x011B4540+3837376]
	GetHandleVerifier [0x011EF4BC+4078908]
	GetHandleVerifier [0x011EE56C+4074988]
	GetHandleVerifier [0x011EB2EB+4062059]
	GetHandleVerifier [0x011CED14+3945876]
	GetHandleVerifier [0x011CFBCE+3949646]
	GetHandleVerifier [0x011CFB59+3949529]
	Ordinal0 [0x00DCB5CC+46540]
	Ordinal0 [0x00DC9F53+40787]
	Ordinal0 [0x00DC9B12+39698]
	GetHandleVerifier [0x010D1468+2907368]
	GetHandleVerifier [0x00F171EE+1096302]
	GetHandleVerifier [0x00ED3E8D+821005]
	GetHandleVerifier [0x00ED396B+819691]
	GetHandleVerifier [0x00ED3881+819457]
	GetHandleVerifier [0x00EFF463+998627]
	BaseThreadInitThunk [0x763F6359+25]
	RtlGetAppContainerNamedObjectPath [0x777A8944+228]
	RtlGetAppContainerNamedObjectPath [0x777A8914+180]

	at sun.reflect.NativeConstructorAccessorImpl.newInstance0(Native Method)
	at sun.reflect.NativeConstructorAccessorImpl.newInstance(NativeConstructorAccessorImpl.java:62)
	at sun.reflect.DelegatingConstructorAccessorImpl.newInstance(DelegatingConstructorAccessorImpl.java:45)
	at java.lang.reflect.Constructor.newInstance(Constructor.java:423)
	at org.openqa.selenium.remote.W3CHandshakeResponse.lambda$errorHandler$0(W3CHandshakeResponse.java:62)
	at org.openqa.selenium.remote.HandshakeResponse.lambda$getResponseFunction$0(HandshakeResponse.java:30)
	at org.openqa.selenium.remote.ProtocolHandshake.lambda$createSession$0(ProtocolHandshake.java:126)
	at java.util.stream.ReferencePipeline$3$1.accept(ReferencePipeline.java:193)
	at java.util.Spliterators$ArraySpliterator.tryAdvance(Spliterators.java:958)
	at java.util.stream.ReferencePipeline.forEachWithCancel(ReferencePipeline.java:126)
	at java.util.stream.AbstractPipeline.copyIntoWithCancel(AbstractPipeline.java:498)
	at java.util.stream.AbstractPipeline.copyInto(AbstractPipeline.java:485)
	at java.util.stream.AbstractPipeline.wrapAndCopyInto(AbstractPipeline.java:471)
	at java.util.stream.FindOps$FindOp.evaluateSequential(FindOps.java:152)
	at java.util.stream.AbstractPipeline.evaluate(AbstractPipeline.java:234)
	at java.util.stream.ReferencePipeline.findFirst(ReferencePipeline.java:464)
	at org.openqa.selenium.remote.ProtocolHandshake.createSession(ProtocolHandshake.java:128)
	at org.openqa.selenium.remote.ProtocolHandshake.createSession(ProtocolHandshake.java:74)
	at org.openqa.selenium.remote.HttpCommandExecutor.execute(HttpCommandExecutor.java:136)
	at org.openqa.selenium.remote.service.DriverCommandExecutor.execute(DriverCommandExecutor.java:83)
	at org.openqa.selenium.remote.RemoteWebDriver.execute(RemoteWebDriver.java:552)
	at org.openqa.selenium.remote.RemoteWebDriver.startSession(RemoteWebDriver.java:213)
	at org.openqa.selenium.remote.RemoteWebDriver.&lt;init&gt;(RemoteWebDriver.java:131)
	at org.openqa.selenium.chrome.ChromeDriver.&lt;init&gt;(ChromeDriver.java:181)
	at org.openqa.selenium.chrome.ChromeDriver.&lt;init&gt;(ChromeDriver.java:168)
	at org.openqa.selenium.chrome.ChromeDriver.&lt;init&gt;(ChromeDriver.java:123)
	at com.OHRM.qa.Base.TestBase.initialization(TestBase.java:43)
	at com.OHRM.qa.TestCases.AddEmp_Test.setup(AddEmp_Test.java:30)
	at sun.reflect.NativeMethodAccessorImpl.invoke0(Native Method)
	at sun.reflect.NativeMethodAccessorImpl.invoke(NativeMethodAccessorImpl.java:62)
	at sun.reflect.DelegatingMethodAccessorImpl.invoke(DelegatingMethodAccessorImpl.java:43)
	at java.lang.reflect.Method.invoke(Method.java:498)
	at org.testng.internal.MethodInvocationHelper.invokeMethod(MethodInvocationHelper.java:85)
	at org.testng.internal.Invoker.invokeConfigurationMethod(Invoker.java:510)
	at org.testng.internal.Invoker.invokeConfigurations(Invoker.java:211)
	at org.testng.internal.Invoker.invokeMethod(Invoker.java:585)
	at org.testng.internal.Invoker.invokeTestMethod(Invoker.java:816)
	at org.testng.internal.Invoker.invokeTestMethods(Invoker.java:1124)
	at org.testng.internal.TestMethodWorker.invokeTestMethods(TestMethodWorker.java:125)
	at org.testng.internal.TestMethodWorker.run(TestMethodWorker.java:108)
	at org.testng.TestRunner.privateRun(TestRunner.java:774)
	at org.testng.TestRunner.run(TestRunner.java:624)
	at org.testng.SuiteRunner.runTest(SuiteRunner.java:359)
	at org.testng.SuiteRunner.runSequentially(SuiteRunner.java:354)
	at org.testng.SuiteRunner.privateRun(SuiteRunner.java:312)
	at org.testng.SuiteRunner.run(SuiteRunner.java:261)
	at org.testng.SuiteRunnerWorker.runSuite(SuiteRunnerWorker.java:52)
	at org.testng.SuiteRunnerWorker.run(SuiteRunnerWorker.java:86)
	at org.testng.TestNG.runSuitesSequentially(TestNG.java:1215)
	at org.testng.TestNG.runSuitesLocally(TestNG.java:1140)
	at org.testng.TestNG.run(TestNG.java:1048)
	at org.apache.maven.surefire.testng.TestNGExecutor.run(TestNGExecutor.java:77)
	at org.apache.maven.surefire.testng.TestNGDirectoryTestSuite.executeMulti(TestNGDirectoryTestSuite.java:159)
	at org.apache.maven.surefire.testng.TestNGDirectoryTestSuite.execute(TestNGDirectoryTestSuite.java:99)
	at org.apache.maven.surefire.testng.TestNGProvider.invoke(TestNGProvider.java:106)
	at sun.reflect.NativeMethodAccessorImpl.invoke0(Native Method)
	at sun.reflect.NativeMethodAccessorImpl.invoke(NativeMethodAccessorImpl.java:62)
	at sun.reflect.DelegatingMethodAccessorImpl.invoke(DelegatingMethodAccessorImpl.java:43)
	at java.lang.reflect.Method.invoke(Method.java:498)
	at org.apache.maven.surefire.util.ReflectionUtils.invokeMethodWithArray(ReflectionUtils.java:189)
	at org.apache.maven.surefire.booter.ProviderFactory$ProviderProxy.invoke(ProviderFactory.java:165)
	at org.apache.maven.surefire.booter.ProviderFactory.invokeProvider(ProviderFactory.java:85)
	at org.apache.maven.surefire.booter.ForkedBooter.runSuitesInProcess(ForkedBooter.java:115)
	at org.apache.maven.surefire.booter.ForkedBooter.main(ForkedBooter.java:75)
</pre></div></td>
<td>0</td>
<td>com.OHRM.qa.TestCases.AddEmp_Test@6d00a15d</td></tr>
<tr>
<td title='com.OHRM.qa.TestCases.Home_Page_Test.setUp()'><b>setUp</b><br>Test class: com.OHRM.qa.TestCases.Home_Page_Test</td>
<td><div><pre>org.openqa.selenium.SessionNotCreatedException: session not created
from timeout: Timed out receiving message from renderer: 600.000
  (Session info: chrome=88.0.4324.190)
Build info: version: &apos;3.141.59&apos;, revision: &apos;e82be7d358&apos;, time: &apos;2018-11-14T08:17:03&apos;
System info: host: &apos;LAPTOP-ST9EO4K2&apos;, ip: &apos;192.168.1.5&apos;, os.name: &apos;Windows 10&apos;, os.arch: &apos;amd64&apos;, os.version: &apos;10.0&apos;, java.version: &apos;1.8.0_121&apos;
Driver info: driver.version: ChromeDriver
remote stacktrace: Backtrace:
	GetHandleVerifier [0x00E0B963+483]
	GetHandleVerifier [0x00E0B941+449]
	GetHandleVerifier [0x011B3308+3832712]
	GetHandleVerifier [0x011A778C+3784716]
	GetHandleVerifier [0x011A6A47+3781319]
	GetHandleVerifier [0x011A6E36+3782326]
	GetHandleVerifier [0x011A6765+3780581]
	GetHandleVerifier [0x011AC420+3804320]
	GetHandleVerifier [0x011A6721+3780513]
	GetHandleVerifier [0x011A74B2+3783986]
	GetHandleVerifier [0x011A6A47+3781319]
	GetHandleVerifier [0x011A6E36+3782326]
	GetHandleVerifier [0x011A6765+3780581]
	GetHandleVerifier [0x011AB655+3800789]
	GetHandleVerifier [0x011A6721+3780513]
	GetHandleVerifier [0x011A74B2+3783986]
	GetHandleVerifier [0x011A6A47+3781319]
	GetHandleVerifier [0x011A6E36+3782326]
	GetHandleVerifier [0x011A6765+3780581]
	GetHandleVerifier [0x011A2F46+3766214]
	GetHandleVerifier [0x011A6721+3780513]
	GetHandleVerifier [0x011A6543+3780035]
	GetHandleVerifier [0x011A6337+3779511]
	GetHandleVerifier [0x011B4540+3837376]
	GetHandleVerifier [0x011EF4BC+4078908]
	GetHandleVerifier [0x011EE56C+4074988]
	GetHandleVerifier [0x011EB2EB+4062059]
	GetHandleVerifier [0x011CED14+3945876]
	GetHandleVerifier [0x011CFBCE+3949646]
	GetHandleVerifier [0x011CFB59+3949529]
	Ordinal0 [0x00DCB5CC+46540]
	Ordinal0 [0x00DC9F53+40787]
	Ordinal0 [0x00DC9B12+39698]
	GetHandleVerifier [0x010D1468+2907368]
	GetHandleVerifier [0x00F171EE+1096302]
	GetHandleVerifier [0x00ED3E8D+821005]
	GetHandleVerifier [0x00ED396B+819691]
	GetHandleVerifier [0x00ED3881+819457]
	GetHandleVerifier [0x00EFF463+998627]
	BaseThreadInitThunk [0x763F6359+25]
	RtlGetAppContainerNamedObjectPath [0x777A8944+228]
	RtlGetAppContainerNamedObjectPath [0x777A8914+180]

	at org.openqa.selenium.remote.W3CHandshakeResponse.lambda$errorHandler$0(W3CHandshakeResponse.java:62)
	at org.openqa.selenium.remote.HandshakeResponse.lambda$getResponseFunction$0(HandshakeResponse.java:30)
	at org.openqa.selenium.remote.ProtocolHandshake.lambda$createSession$0(ProtocolHandshake.java:126)
	at java.util.stream.ReferencePipeline$3$1.accept(ReferencePipeline.java:193)
	at java.util.Spliterators$ArraySpliterator.tryAdvance(Spliterators.java:958)
	at java.util.stream.ReferencePipeline.forEachWithCancel(ReferencePipeline.java:126)
	at java.util.stream.AbstractPipeline.copyIntoWithCancel(AbstractPipeline.java:498)
	at java.util.stream.AbstractPipeline.copyInto(AbstractPipeline.java:485)
	at java.util.stream.AbstractPipeline.wrapAndCopyInto(AbstractPipeline.java:471)
	at java.util.stream.FindOps$FindOp.evaluateSequential(FindOps.java:152)
	at java.util.stream.AbstractPipeline.evaluate(AbstractPipeline.java:234)
	at java.util.stream.ReferencePipeline.findFirst(ReferencePipeline.java:464)
	at org.openqa.selenium.remote.ProtocolHandshake.createSession(ProtocolHandshake.java:128)
	at org.openqa.selenium.remote.ProtocolHandshake.createSession(ProtocolHandshake.java:74)
	at org.openqa.selenium.remote.HttpCommandExecutor.execute(HttpCommandExecutor.java:136)
	at org.openqa.selenium.remote.service.DriverCommandExecutor.execute(DriverCommandExecutor.java:83)
	at org.openqa.selenium.remote.RemoteWebDriver.execute(RemoteWebDriver.java:552)
	at org.openqa.selenium.remote.RemoteWebDriver.startSession(RemoteWebDriver.java:213)
	at org.openqa.selenium.remote.RemoteWebDriver.&lt;init&gt;(RemoteWebDriver.java:131)
	at org.openqa.selenium.chrome.ChromeDriver.&lt;init&gt;(ChromeDriver.java:181)
	at org.openqa.selenium.chrome.ChromeDriver.&lt;init&gt;(ChromeDriver.java:168)
	at org.openqa.selenium.chrome.ChromeDriver.&lt;init&gt;(ChromeDriver.java:123)
	at com.OHRM.qa.Base.TestBase.initialization(TestBase.java:43)
	at com.OHRM.qa.TestCases.Home_Page_Test.setUp(Home_Page_Test.java:25)
... Removed 40 stack frames</pre></div><a href='#' onClick='toggleBox("stack-trace1133227388", this, "Click to show all stack frames", "Click to hide stack frames")'>Click to show all stack frames</a>
<div class='stack-trace' id='stack-trace1133227388'><pre>org.openqa.selenium.SessionNotCreatedException: session not created
from timeout: Timed out receiving message from renderer: 600.000
  (Session info: chrome=88.0.4324.190)
Build info: version: &apos;3.141.59&apos;, revision: &apos;e82be7d358&apos;, time: &apos;2018-11-14T08:17:03&apos;
System info: host: &apos;LAPTOP-ST9EO4K2&apos;, ip: &apos;192.168.1.5&apos;, os.name: &apos;Windows 10&apos;, os.arch: &apos;amd64&apos;, os.version: &apos;10.0&apos;, java.version: &apos;1.8.0_121&apos;
Driver info: driver.version: ChromeDriver
remote stacktrace: Backtrace:
	GetHandleVerifier [0x00E0B963+483]
	GetHandleVerifier [0x00E0B941+449]
	GetHandleVerifier [0x011B3308+3832712]
	GetHandleVerifier [0x011A778C+3784716]
	GetHandleVerifier [0x011A6A47+3781319]
	GetHandleVerifier [0x011A6E36+3782326]
	GetHandleVerifier [0x011A6765+3780581]
	GetHandleVerifier [0x011AC420+3804320]
	GetHandleVerifier [0x011A6721+3780513]
	GetHandleVerifier [0x011A74B2+3783986]
	GetHandleVerifier [0x011A6A47+3781319]
	GetHandleVerifier [0x011A6E36+3782326]
	GetHandleVerifier [0x011A6765+3780581]
	GetHandleVerifier [0x011AB655+3800789]
	GetHandleVerifier [0x011A6721+3780513]
	GetHandleVerifier [0x011A74B2+3783986]
	GetHandleVerifier [0x011A6A47+3781319]
	GetHandleVerifier [0x011A6E36+3782326]
	GetHandleVerifier [0x011A6765+3780581]
	GetHandleVerifier [0x011A2F46+3766214]
	GetHandleVerifier [0x011A6721+3780513]
	GetHandleVerifier [0x011A6543+3780035]
	GetHandleVerifier [0x011A6337+3779511]
	GetHandleVerifier [0x011B4540+3837376]
	GetHandleVerifier [0x011EF4BC+4078908]
	GetHandleVerifier [0x011EE56C+4074988]
	GetHandleVerifier [0x011EB2EB+4062059]
	GetHandleVerifier [0x011CED14+3945876]
	GetHandleVerifier [0x011CFBCE+3949646]
	GetHandleVerifier [0x011CFB59+3949529]
	Ordinal0 [0x00DCB5CC+46540]
	Ordinal0 [0x00DC9F53+40787]
	Ordinal0 [0x00DC9B12+39698]
	GetHandleVerifier [0x010D1468+2907368]
	GetHandleVerifier [0x00F171EE+1096302]
	GetHandleVerifier [0x00ED3E8D+821005]
	GetHandleVerifier [0x00ED396B+819691]
	GetHandleVerifier [0x00ED3881+819457]
	GetHandleVerifier [0x00EFF463+998627]
	BaseThreadInitThunk [0x763F6359+25]
	RtlGetAppContainerNamedObjectPath [0x777A8944+228]
	RtlGetAppContainerNamedObjectPath [0x777A8914+180]

	at sun.reflect.NativeConstructorAccessorImpl.newInstance0(Native Method)
	at sun.reflect.NativeConstructorAccessorImpl.newInstance(NativeConstructorAccessorImpl.java:62)
	at sun.reflect.DelegatingConstructorAccessorImpl.newInstance(DelegatingConstructorAccessorImpl.java:45)
	at java.lang.reflect.Constructor.newInstance(Constructor.java:423)
	at org.openqa.selenium.remote.W3CHandshakeResponse.lambda$errorHandler$0(W3CHandshakeResponse.java:62)
	at org.openqa.selenium.remote.HandshakeResponse.lambda$getResponseFunction$0(HandshakeResponse.java:30)
	at org.openqa.selenium.remote.ProtocolHandshake.lambda$createSession$0(ProtocolHandshake.java:126)
	at java.util.stream.ReferencePipeline$3$1.accept(ReferencePipeline.java:193)
	at java.util.Spliterators$ArraySpliterator.tryAdvance(Spliterators.java:958)
	at java.util.stream.ReferencePipeline.forEachWithCancel(ReferencePipeline.java:126)
	at java.util.stream.AbstractPipeline.copyIntoWithCancel(AbstractPipeline.java:498)
	at java.util.stream.AbstractPipeline.copyInto(AbstractPipeline.java:485)
	at java.util.stream.AbstractPipeline.wrapAndCopyInto(AbstractPipeline.java:471)
	at java.util.stream.FindOps$FindOp.evaluateSequential(FindOps.java:152)
	at java.util.stream.AbstractPipeline.evaluate(AbstractPipeline.java:234)
	at java.util.stream.ReferencePipeline.findFirst(ReferencePipeline.java:464)
	at org.openqa.selenium.remote.ProtocolHandshake.createSession(ProtocolHandshake.java:128)
	at org.openqa.selenium.remote.ProtocolHandshake.createSession(ProtocolHandshake.java:74)
	at org.openqa.selenium.remote.HttpCommandExecutor.execute(HttpCommandExecutor.java:136)
	at org.openqa.selenium.remote.service.DriverCommandExecutor.execute(DriverCommandExecutor.java:83)
	at org.openqa.selenium.remote.RemoteWebDriver.execute(RemoteWebDriver.java:552)
	at org.openqa.selenium.remote.RemoteWebDriver.startSession(RemoteWebDriver.java:213)
	at org.openqa.selenium.remote.RemoteWebDriver.&lt;init&gt;(RemoteWebDriver.java:131)
	at org.openqa.selenium.chrome.ChromeDriver.&lt;init&gt;(ChromeDriver.java:181)
	at org.openqa.selenium.chrome.ChromeDriver.&lt;init&gt;(ChromeDriver.java:168)
	at org.openqa.selenium.chrome.ChromeDriver.&lt;init&gt;(ChromeDriver.java:123)
	at com.OHRM.qa.Base.TestBase.initialization(TestBase.java:43)
	at com.OHRM.qa.TestCases.Home_Page_Test.setUp(Home_Page_Test.java:25)
	at sun.reflect.NativeMethodAccessorImpl.invoke0(Native Method)
	at sun.reflect.NativeMethodAccessorImpl.invoke(NativeMethodAccessorImpl.java:62)
	at sun.reflect.DelegatingMethodAccessorImpl.invoke(DelegatingMethodAccessorImpl.java:43)
	at java.lang.reflect.Method.invoke(Method.java:498)
	at org.testng.internal.MethodInvocationHelper.invokeMethod(MethodInvocationHelper.java:85)
	at org.testng.internal.Invoker.invokeConfigurationMethod(Invoker.java:510)
	at org.testng.internal.Invoker.invokeConfigurations(Invoker.java:211)
	at org.testng.internal.Invoker.invokeMethod(Invoker.java:585)
	at org.testng.internal.Invoker.invokeTestMethod(Invoker.java:816)
	at org.testng.internal.Invoker.invokeTestMethods(Invoker.java:1124)
	at org.testng.internal.TestMethodWorker.invokeTestMethods(TestMethodWorker.java:125)
	at org.testng.internal.TestMethodWorker.run(TestMethodWorker.java:108)
	at org.testng.TestRunner.privateRun(TestRunner.java:774)
	at org.testng.TestRunner.run(TestRunner.java:624)
	at org.testng.SuiteRunner.runTest(SuiteRunner.java:359)
	at org.testng.SuiteRunner.runSequentially(SuiteRunner.java:354)
	at org.testng.SuiteRunner.privateRun(SuiteRunner.java:312)
	at org.testng.SuiteRunner.run(SuiteRunner.java:261)
	at org.testng.SuiteRunnerWorker.runSuite(SuiteRunnerWorker.java:52)
	at org.testng.SuiteRunnerWorker.run(SuiteRunnerWorker.java:86)
	at org.testng.TestNG.runSuitesSequentially(TestNG.java:1215)
	at org.testng.TestNG.runSuitesLocally(TestNG.java:1140)
	at org.testng.TestNG.run(TestNG.java:1048)
	at org.apache.maven.surefire.testng.TestNGExecutor.run(TestNGExecutor.java:77)
	at org.apache.maven.surefire.testng.TestNGDirectoryTestSuite.executeMulti(TestNGDirectoryTestSuite.java:159)
	at org.apache.maven.surefire.testng.TestNGDirectoryTestSuite.execute(TestNGDirectoryTestSuite.java:99)
	at org.apache.maven.surefire.testng.TestNGProvider.invoke(TestNGProvider.java:106)
	at sun.reflect.NativeMethodAccessorImpl.invoke0(Native Method)
	at sun.reflect.NativeMethodAccessorImpl.invoke(NativeMethodAccessorImpl.java:62)
	at sun.reflect.DelegatingMethodAccessorImpl.invoke(DelegatingMethodAccessorImpl.java:43)
	at java.lang.reflect.Method.invoke(Method.java:498)
	at org.apache.maven.surefire.util.ReflectionUtils.invokeMethodWithArray(ReflectionUtils.java:189)
	at org.apache.maven.surefire.booter.ProviderFactory$ProviderProxy.invoke(ProviderFactory.java:165)
	at org.apache.maven.surefire.booter.ProviderFactory.invokeProvider(ProviderFactory.java:85)
	at org.apache.maven.surefire.booter.ForkedBooter.runSuitesInProcess(ForkedBooter.java:115)
	at org.apache.maven.surefire.booter.ForkedBooter.main(ForkedBooter.java:75)
</pre></div></td>
<td>0</td>
<td>com.OHRM.qa.TestCases.Home_Page_Test@51efea79</td></tr>
</table><p>
<table width='100%' border='1' class='invocation-skipped'>
<tr><td colspan='4' align='center'><b>SKIPPED CONFIGURATIONS</b></td></tr>
<tr><td><b>Test method</b></td>
<td width="30%"><b>Exception</b></td>
<td width="10%"><b>Time (seconds)</b></td>
<td><b>Instance</b></td>
</tr>
<tr>
<td title='com.OHRM.qa.TestCases.Login_Page_Test.setUp()'><b>setUp</b><br>Test class: com.OHRM.qa.TestCases.Login_Page_Test</td>
<td></td>
<td>0</td>
<td>com.OHRM.qa.TestCases.Login_Page_Test@5034c75a</td></tr>
<tr>
<td title='com.OHRM.qa.TestCases.AddEmp_Test.setup()'><b>setup</b><br>Test class: com.OHRM.qa.TestCases.AddEmp_Test</td>
<td></td>
<td>0</td>
<td>com.OHRM.qa.TestCases.AddEmp_Test@6d00a15d</td></tr>
<tr>
<td title='com.OHRM.qa.TestCases.AddEmp_Test.setup()'><b>setup</b><br>Test class: com.OHRM.qa.TestCases.AddEmp_Test</td>
<td></td>
<td>0</td>
<td>com.OHRM.qa.TestCases.AddEmp_Test@6d00a15d</td></tr>
<tr>
<td title='com.OHRM.qa.TestCases.AddEmp_Test.setup()'><b>setup</b><br>Test class: com.OHRM.qa.TestCases.AddEmp_Test</td>
<td></td>
<td>0</td>
<td>com.OHRM.qa.TestCases.AddEmp_Test@6d00a15d</td></tr>
<tr>
<td title='com.OHRM.qa.TestCases.AddEmp_Test.setup()'><b>setup</b><br>Test class: com.OHRM.qa.TestCases.AddEmp_Test</td>
<td></td>
<td>0</td>
<td>com.OHRM.qa.TestCases.AddEmp_Test@6d00a15d</td></tr>
<tr>
<td title='com.OHRM.qa.TestCases.Login_Page_Test.setUp()'><b>setUp</b><br>Test class: com.OHRM.qa.TestCases.Login_Page_Test</td>
<td></td>
<td>0</td>
<td>com.OHRM.qa.TestCases.Login_Page_Test@5034c75a</td></tr>
<tr>
<td title='com.OHRM.qa.TestCases.Login_Page_Test.tearDown()'><b>tearDown</b><br>Test class: com.OHRM.qa.TestCases.Login_Page_Test</td>
<td></td>
<td>0</td>
<td>com.OHRM.qa.TestCases.Login_Page_Test@5034c75a</td></tr>
<tr>
<td title='com.OHRM.qa.TestCases.Login_Page_Test.tearDown()'><b>tearDown</b><br>Test class: com.OHRM.qa.TestCases.Login_Page_Test</td>
<td></td>
<td>0</td>
<td>com.OHRM.qa.TestCases.Login_Page_Test@5034c75a</td></tr>
<tr>
<td title='com.OHRM.qa.TestCases.AddEmp_Test.tearDown()'><b>tearDown</b><br>Test class: com.OHRM.qa.TestCases.AddEmp_Test</td>
<td></td>
<td>0</td>
<td>com.OHRM.qa.TestCases.AddEmp_Test@6d00a15d</td></tr>
<tr>
<td title='com.OHRM.qa.TestCases.AddEmp_Test.tearDown()'><b>tearDown</b><br>Test class: com.OHRM.qa.TestCases.AddEmp_Test</td>
<td></td>
<td>0</td>
<td>com.OHRM.qa.TestCases.AddEmp_Test@6d00a15d</td></tr>
<tr>
<td title='com.OHRM.qa.TestCases.AddEmp_Test.tearDown()'><b>tearDown</b><br>Test class: com.OHRM.qa.TestCases.AddEmp_Test</td>
<td></td>
<td>0</td>
<td>com.OHRM.qa.TestCases.AddEmp_Test@6d00a15d</td></tr>
<tr>
<td title='com.OHRM.qa.TestCases.AddEmp_Test.tearDown()'><b>tearDown</b><br>Test class: com.OHRM.qa.TestCases.AddEmp_Test</td>
<td></td>
<td>0</td>
<td>com.OHRM.qa.TestCases.AddEmp_Test@6d00a15d</td></tr>
<tr>
<td title='com.OHRM.qa.TestCases.AddEmp_Test.tearDown()'><b>tearDown</b><br>Test class: com.OHRM.qa.TestCases.AddEmp_Test</td>
<td></td>
<td>0</td>
<td>com.OHRM.qa.TestCases.AddEmp_Test@6d00a15d</td></tr>
<tr>
<td title='com.OHRM.qa.TestCases.Login_Page_Test.tearDown()'><b>tearDown</b><br>Test class: com.OHRM.qa.TestCases.Login_Page_Test</td>
<td></td>
<td>0</td>
<td>com.OHRM.qa.TestCases.Login_Page_Test@5034c75a</td></tr>
<tr>
<td title='com.OHRM.qa.TestCases.Home_Page_Test.tearDown()'><b>tearDown</b><br>Test class: com.OHRM.qa.TestCases.Home_Page_Test</td>
<td></td>
<td>0</td>
<td>com.OHRM.qa.TestCases.Home_Page_Test@51efea79</td></tr>
</table><p>
<table width='100%' border='1' class='invocation-passed'>
<tr><td colspan='4' align='center'><b>PASSED TESTS</b></td></tr>
<tr><td><b>Test method</b></td>
<td width="30%"><b>Exception</b></td>
<td width="10%"><b>Time (seconds)</b></td>
<td><b>Instance</b></td>
</tr>
<tr>
<td title='com.OHRM.qa.TestCases.Home_Page_Test.homePageTittle()'><b>homePageTittle</b><br>Test class: com.OHRM.qa.TestCases.Home_Page_Test</td>
<td></td>
<td>0</td>
<td>com.OHRM.qa.TestCases.Home_Page_Test@51efea79</td></tr>
<tr>
<td title='com.OHRM.qa.TestCases.AddEmp_Test.verifyAddEmp()'><b>verifyAddEmp</b><br>Test class: com.OHRM.qa.TestCases.AddEmp_Test<br>Parameters: Y S , Jagan Mohan, Reddy</td>
<td></td>
<td>4</td>
<td>com.OHRM.qa.TestCases.AddEmp_Test@6d00a15d</td></tr>
<tr>
<td title='com.OHRM.qa.TestCases.Home_Page_Test.verifyLogout()'><b>verifyLogout</b><br>Test class: com.OHRM.qa.TestCases.Home_Page_Test</td>
<td></td>
<td>1</td>
<td>com.OHRM.qa.TestCases.Home_Page_Test@51efea79</td></tr>
<tr>
<td title='com.OHRM.qa.TestCases.Home_Page_Test.verifyPIMpage()'><b>verifyPIMpage</b><br>Test class: com.OHRM.qa.TestCases.Home_Page_Test</td>
<td></td>
<td>2</td>
<td>com.OHRM.qa.TestCases.Home_Page_Test@51efea79</td></tr>
<tr>
<td title='com.OHRM.qa.TestCases.Home_Page_Test.veryfiyAdminPage()'><b>veryfiyAdminPage</b><br>Test class: com.OHRM.qa.TestCases.Home_Page_Test</td>
<td></td>
<td>2</td>
<td>com.OHRM.qa.TestCases.Home_Page_Test@51efea79</td></tr>
</table><p>
<table width='100%' border='1' class='invocation-skipped'>
<tr><td colspan='4' align='center'><b>SKIPPED TESTS</b></td></tr>
<tr><td><b>Test method</b></td>
<td width="30%"><b>Exception</b></td>
<td width="10%"><b>Time (seconds)</b></td>
<td><b>Instance</b></td>
</tr>
<tr>
<td title='com.OHRM.qa.TestCases.Login_Page_Test.loginPage_Tittle_Test()'><b>loginPage_Tittle_Test</b><br>Test class: com.OHRM.qa.TestCases.Login_Page_Test</td>
<td></td>
<td>0</td>
<td>com.OHRM.qa.TestCases.Login_Page_Test@5034c75a</td></tr>
<tr>
<td title='com.OHRM.qa.TestCases.Login_Page_Test.login_Test()'><b>login_Test</b><br>Test class: com.OHRM.qa.TestCases.Login_Page_Test</td>
<td></td>
<td>0</td>
<td>com.OHRM.qa.TestCases.Login_Page_Test@5034c75a</td></tr>
<tr>
<td title='com.OHRM.qa.TestCases.Login_Page_Test.loginpage_Logo_Test()'><b>loginpage_Logo_Test</b><br>Test class: com.OHRM.qa.TestCases.Login_Page_Test</td>
<td></td>
<td>0</td>
<td>com.OHRM.qa.TestCases.Login_Page_Test@5034c75a</td></tr>
<tr>
<td title='com.OHRM.qa.TestCases.AddEmp_Test.verifyAddEmp()'><b>verifyAddEmp</b><br>Test class: com.OHRM.qa.TestCases.AddEmp_Test<br>Parameters: Nara , Chandra Babu, Naiudu</td>
<td></td>
<td>0</td>
<td>com.OHRM.qa.TestCases.AddEmp_Test@6d00a15d</td></tr>
<tr>
<td title='com.OHRM.qa.TestCases.AddEmp_Test.verifyAddEmp()'><b>verifyAddEmp</b><br>Test class: com.OHRM.qa.TestCases.AddEmp_Test<br>Parameters: Y S , Rajashekar, Reddy</td>
<td></td>
<td>0</td>
<td>com.OHRM.qa.TestCases.AddEmp_Test@6d00a15d</td></tr>
<tr>
<td title='com.OHRM.qa.TestCases.AddEmp_Test.verifyAddEmp()'><b>verifyAddEmp</b><br>Test class: com.OHRM.qa.TestCases.AddEmp_Test<br>Parameters: Nara , Chandra Babu, Naiudu</td>
<td></td>
<td>0</td>
<td>com.OHRM.qa.TestCases.AddEmp_Test@6d00a15d</td></tr>
<tr>
<td title='com.OHRM.qa.TestCases.AddEmp_Test.verifyAddEmp()'><b>verifyAddEmp</b><br>Test class: com.OHRM.qa.TestCases.AddEmp_Test<br>Parameters: Nadamuri , Taraka Rama, Rao</td>
<td></td>
<td>0</td>
<td>com.OHRM.qa.TestCases.AddEmp_Test@6d00a15d</td></tr>
<tr>
<td title='com.OHRM.qa.TestCases.AddEmp_Test.verifyAddEmp()'><b>verifyAddEmp</b><br>Test class: com.OHRM.qa.TestCases.AddEmp_Test<br>Parameters: Tanguturi , Prakasham , Panthulu</td>
<td></td>
<td>0</td>
<td>com.OHRM.qa.TestCases.AddEmp_Test@6d00a15d</td></tr>
<tr>
<td title='com.OHRM.qa.TestCases.Home_Page_Test.verifyMyinfo()'><b>verifyMyinfo</b><br>Test class: com.OHRM.qa.TestCases.Home_Page_Test</td>
<td></td>
<td>0</td>
<td>com.OHRM.qa.TestCases.Home_Page_Test@51efea79</td></tr>
</table><p>
</body>
</html>