<?xml version="1.0" encoding="UTF-8" ?>
<testsuite tests="32" failures="3" name="TestSuite" time="1,831.767" errors="0" skipped="24">
  <properties>
    <property name="java.vendor" value="Oracle Corporation"/>
    <property name="JOB_NAME" value="OrgH"/>
    <property name="sun.java.launcher" value="SUN_STANDARD"/>
    <property name="NUMBER_OF_PROCESSORS" value="8"/>
    <property name="sun.management.compiler" value="HotSpot 64-Bit Tiered Compilers"/>
    <property name="JENKINS_HOME" value="C:\Program Files (x86)\Jenkins"/>
    <property name="HUDSON_SERVER_COOKIE" value="b05cf87022d8c4ec"/>
    <property name="os.name" value="Windows 10"/>
    <property name="sun.boot.class.path" value="C:\Program Files\Java\jdk1.8.0_121\jre\lib\resources.jar;C:\Program Files\Java\jdk1.8.0_121\jre\lib\rt.jar;C:\Program Files\Java\jdk1.8.0_121\jre\lib\sunrsasign.jar;C:\Program Files\Java\jdk1.8.0_121\jre\lib\jsse.jar;C:\Program Files\Java\jdk1.8.0_121\jre\lib\jce.jar;C:\Program Files\Java\jdk1.8.0_121\jre\lib\charsets.jar;C:\Program Files\Java\jdk1.8.0_121\jre\lib\jfr.jar;C:\Program Files\Java\jdk1.8.0_121\jre\classes"/>
    <property name="EXECUTOR_NUMBER" value="0"/>
    <property name="sun.desktop" value="windows"/>
    <property name="PATHEXT" value=".COM;.EXE;.BAT;.CMD;.VBS;.VBE;.JS;.JSE;.WSF;.WSH;.MSC;.PY;.PYW"/>
    <property name="java.vm.specification.vendor" value="Oracle Corporation"/>
    <property name="NODE_LABELS" value="master"/>
    <property name="TEMP" value="C:\WINDOWS\TEMP"/>
    <property name="java.runtime.version" value="1.8.0_121-b13"/>
    <property name="WINSW_SERVICE_ID" value="Jenkins"/>
    <property name="user.name" value="LAPTOP-ST9EO4K2$"/>
    <property name="guice.disable.misplaced.annotation.check" value="true"/>
    <property name="CommonProgramW6432" value="C:\Program Files\Common Files"/>
    <property name="ProgramFiles" value="C:\Program Files (x86)"/>
    <property name="user.language" value="en"/>
    <property name="JOB_BASE_NAME" value="OrgH"/>
    <property name="RUN_CHANGES_DISPLAY_URL" value="http://localhost:8080/job/OrgH/2/display/redirect?page=changes"/>
    <property name="BUILD_DISPLAY_NAME" value="#2"/>
    <property name="sun.boot.library.path" value="C:\Program Files\Java\jdk1.8.0_121\jre\bin"/>
    <property name="LOCALAPPDATA" value="C:\WINDOWS\system32\config\systemprofile\AppData\Local"/>
    <property name="java.version" value="1.8.0_121"/>
    <property name="PROCESSOR_LEVEL" value="6"/>
    <property name="user.timezone" value="Asia/Calcutta"/>
    <property name="USERNAME" value="LAPTOP-ST9EO4K2$"/>
    <property name="sun.arch.data.model" value="64"/>
    <property name="NODE_NAME" value="master"/>
    <property name="PROCESSOR_ARCHITEW6432" value="AMD64"/>
    <property name="java.endorsed.dirs" value="C:\Program Files\Java\jdk1.8.0_121\jre\lib\endorsed"/>
    <property name="BUILD_ID" value="2"/>
    <property name="sun.cpu.isalist" value="amd64"/>
    <property name="sun.jnu.encoding" value="Cp1252"/>
    <property name="file.encoding.pkg" value="sun.io"/>
    <property name="file.separator" value="\"/>
    <property name="java.specification.name" value="Java Platform API Specification"/>
    <property name="maven.conf" value="C:\apache-maven-3.6.3-bin\apache-maven-3.6.3\conf"/>
    <property name="java.class.version" value="52.0"/>
    <property name="org.slf4j.simpleLogger.defaultLogLevel" value="info"/>
    <property name="user.country" value="IN"/>
    <property name="ALLUSERSPROFILE" value="C:\ProgramData"/>
    <property name="java.home" value="C:\Program Files\Java\jdk1.8.0_121\jre"/>
    <property name="java.vm.info" value="mixed mode"/>
    <property name="os.version" value="10.0"/>
    <property name="RUN_DISPLAY_URL" value="http://localhost:8080/job/OrgH/2/display/redirect"/>
    <property name="configsetroot" value="C:\WINDOWS\ConfigSetRoot"/>
    <property name="TMP" value="C:\WINDOWS\TEMP"/>
    <property name="path.separator" value=";"/>
    <property name="java.vm.version" value="25.121-b13"/>
    <property name="user.variant" value=""/>
    <property name="JOB_DISPLAY_URL" value="http://localhost:8080/job/OrgH/display/redirect"/>
    <property name="CommonProgramFiles(x86)" value="C:\Program Files (x86)\Common Files"/>
    <property name="java.awt.printerjob" value="sun.awt.windows.WPrinterJob"/>
    <property name="JAVA_HOME" value="C:\Program Files\Java\jdk1.8.0_121"/>
    <property name="sun.io.unicode.encoding" value="UnicodeLittle"/>
    <property name="CommonProgramFiles" value="C:\Program Files (x86)\Common Files"/>
    <property name="ComSpec" value="C:\WINDOWS\system32\cmd.exe"/>
    <property name="awt.toolkit" value="sun.awt.windows.WToolkit"/>
    <property name="SERVICE_ID" value="Jenkins"/>
    <property name="COMPUTERNAME" value="LAPTOP-ST9EO4K2"/>
    <property name="user.script" value=""/>
    <property name="PUBLIC" value="C:\Users\Public"/>
    <property name="user.home" value="C:\WINDOWS\system32\config\systemprofile"/>
    <property name="BUILD_TAG" value="jenkins-OrgH-2"/>
    <property name="JENKINS_SERVER_COOKIE" value="b05cf87022d8c4ec"/>
    <property name="HUDSON_URL" value="http://localhost:8080/"/>
    <property name="SNC_LIB_64" value="C:\Program Files (x86)\SAP\SNCEncryption\x64\sapsncencryption.dll"/>
    <property name="ProgramData" value="C:\ProgramData"/>
    <property name="java.specification.vendor" value="Oracle Corporation"/>
    <property name="USERPROFILE" value="C:\WINDOWS\system32\config\systemprofile"/>
    <property name="CLASSPATH" value=""/>
    <property name="java.vendor.url" value="http://java.oracle.com/"/>
    <property name="java.library.path" value="C:\Program Files\Java\jdk1.8.0_121\bin;C:\WINDOWS\Sun\Java\bin;C:\WINDOWS\system32;C:\WINDOWS;C:\apache-maven-3.6.3-bin\apache-maven-3.6.3/bin;C:\Program Files\Java\jdk1.8.0_121/bin;C:\Program Files\Java\jdk1.8.0_121/bin;C:\Python38\Scripts\;C:\Python38\;C:\app\oracle\product\11.2.0\dbhome_1\bin;C:\Program Files\Java\jdk1.8.0_121\bin;C:\Program Files\Java\jdk1.8.0_121\lib;C:\apache-maven-3.6.3-bin\apache-maven-3.6.3\bin;C:\Users\91949\AppData\Local\Android\Sdk\bin;C:\Users\91949\AppData\Local\Android\Sdk\platform-tools;C:\Users\91949\AppData\Local\Android\Sdk\tools;C:\Users\91949\AppData\Local\Android\Sdk\build-tools;C:\WINDOWS\system32;C:\WINDOWS;C:\WINDOWS\System32\Wbem;C:\WINDOWS\System32\WindowsPowerShell\v1.0\;C:\WINDOWS\System32\OpenSSH\;C:\Program Files\nodejs\;C:\ProgramData\chocolatey\bin;C:\WINDOWS\system32\config\systemprofile\AppData\Local\Microsoft\WindowsApps;."/>
    <property name="java.vm.vendor" value="Oracle Corporation"/>
    <property name="APPDATA" value="C:\WINDOWS\system32\config\systemprofile\AppData\Roaming"/>
    <property name="SNC_LIB" value="C:\Program Files (x86)\SAP\SNCEncryption\x86\sapsncencryption.dll"/>
    <property name="java.runtime.name" value="Java(TM) SE Runtime Environment"/>
    <property name="maven.home" value="C:\apache-maven-3.6.3-bin\apache-maven-3.6.3"/>
    <property name="java.class.path" value="C:\Program Files (x86)\Jenkins\plugins\maven-plugin\WEB-INF\lib\maven35-agent-1.13.jar;C:\apache-maven-3.6.3-bin\apache-maven-3.6.3\boot\plexus-classworlds-2.6.0.jar;C:\apache-maven-3.6.3-bin\apache-maven-3.6.3/conf/logging"/>
    <property name="sun.java.command" value="jenkins.maven3.agent.Maven35Main C:\apache-maven-3.6.3-bin\apache-maven-3.6.3 C:\Program Files (x86)\Jenkins\war\WEB-INF\lib\remoting-4.2.jar C:\Program Files (x86)\Jenkins\plugins\maven-plugin\WEB-INF\lib\maven35-interceptor-1.13.jar C:\Program Files (x86)\Jenkins\plugins\maven-plugin\WEB-INF\lib\maven3-interceptor-commons-1.13.jar 60513"/>
    <property name="Path" value="C:\Program Files\Java\jdk1.8.0_121/bin;C:\Python38\Scripts\;C:\Python38\;C:\app\oracle\product\11.2.0\dbhome_1\bin;C:\Program Files\Java\jdk1.8.0_121\bin;C:\Program Files\Java\jdk1.8.0_121\lib;C:\apache-maven-3.6.3-bin\apache-maven-3.6.3\bin;C:\Users\91949\AppData\Local\Android\Sdk\bin;C:\Users\91949\AppData\Local\Android\Sdk\platform-tools;C:\Users\91949\AppData\Local\Android\Sdk\tools;C:\Users\91949\AppData\Local\Android\Sdk\build-tools;C:\WINDOWS\system32;C:\WINDOWS;C:\WINDOWS\System32\Wbem;C:\WINDOWS\System32\WindowsPowerShell\v1.0\;C:\WINDOWS\System32\OpenSSH\;C:\Program Files\nodejs\;C:\ProgramData\chocolatey\bin;C:\WINDOWS\system32\config\systemprofile\AppData\Local\Microsoft\WindowsApps"/>
    <property name="java.vm.specification.name" value="Java Virtual Machine Specification"/>
    <property name="PROCESSOR_ARCHITECTURE" value="x86"/>
    <property name="PATH+JDK" value="C:\Program Files\Java\jdk1.8.0_121/bin"/>
    <property name="PROCESSOR_IDENTIFIER" value="Intel64 Family 6 Model 142 Stepping 10, GenuineIntel"/>
    <property name="java.vm.specification.version" value="1.8"/>
    <property name="sun.os.patch.level" value=""/>
    <property name="sun.cpu.endian" value="little"/>
    <property name="M2_HOME" value="C:\apache-maven-3.6.3-bin\apache-maven-3.6.3"/>
    <property name="java.io.tmpdir" value="C:\WINDOWS\TEMP\"/>
    <property name="OS" value="Windows_NT"/>
    <property name="HUDSON_HOME" value="C:\Program Files (x86)\Jenkins"/>
    <property name="PATH+MAVEN" value="C:\apache-maven-3.6.3-bin\apache-maven-3.6.3/bin"/>
    <property name="ProgramFiles(x86)" value="C:\Program Files (x86)"/>
    <property name="BUILD_URL" value="http://localhost:8080/job/OrgH/2/"/>
    <property name="java.vendor.url.bug" value="http://bugreport.sun.com/bugreport/"/>
    <property name="IWBPath" value="C:\Program Files (x86)\SAP\FrontEnd\iwb"/>
    <property name="java.awt.graphicsenv" value="sun.awt.Win32GraphicsEnvironment"/>
    <property name="os.arch" value="amd64"/>
    <property name="SystemRoot" value="C:\WINDOWS"/>
    <property name="java.ext.dirs" value="C:\Program Files\Java\jdk1.8.0_121\jre\lib\ext;C:\WINDOWS\Sun\Java\lib\ext"/>
    <property name="user.dir" value="E:\workSpace2\OrangeHRM_POM"/>
    <property name="JOB_URL" value="http://localhost:8080/job/OrgH/"/>
    <property name="USERDOMAIN" value="WORKGROUP"/>
    <property name="line.separator" value="
"/>
    <property name="MAVEN_HOME" value="C:\apache-maven-3.6.3-bin\apache-maven-3.6.3"/>
    <property name="java.vm.name" value="Java HotSpot(TM) 64-Bit Server VM"/>
    <property name="BUILD_NUMBER" value="2"/>
    <property name="BASE" value="C:\Program Files (x86)\Jenkins"/>
    <property name="ANDROID_HOME" value="C:\Users\91949\AppData\Local\Android\Sdk"/>
    <property name="JENKINS_URL" value="http://localhost:8080/"/>
    <property name="PROCESSOR_REVISION" value="8e0a"/>
    <property name="ProgramW6432" value="C:\Program Files"/>
    <property name="windir" value="C:\WINDOWS"/>
    <property name="file.encoding" value="Cp1252"/>
    <property name="SystemDrive" value="C:"/>
    <property name="maven3.interceptor" value="C:\Program Files (x86)\Jenkins\plugins\maven-plugin\WEB-INF\lib\maven35-interceptor-1.13.jar"/>
    <property name="WORKSPACE_TMP" value="C:\Program Files (x86)\Jenkins\workspace\OrgH@tmp"/>
    <property name="WORKSPACE" value="C:\Program Files (x86)\Jenkins\workspace\OrgH"/>
    <property name="ChocolateyInstall" value="C:\ProgramData\chocolatey"/>
    <property name="maven3.interceptor.common" value="C:\Program Files (x86)\Jenkins\plugins\maven-plugin\WEB-INF\lib\maven3-interceptor-commons-1.13.jar"/>
    <property name="WINSW_EXECUTABLE" value="C:\Program Files (x86)\Jenkins\jenkins.exe"/>
    <property name="java.specification.version" value="1.8"/>
    <property name="PSModulePath" value="C:\Program Files (x86)\WindowsPowerShell\Modules;C:\WINDOWS\system32\WindowsPowerShell\v1.0\Modules;C:\Program Files (x86)\AutoIt3\AutoItX"/>
    <property name="DriverData" value="C:\Windows\System32\Drivers\DriverData"/>
  </properties>
  <testcase classname="com.OHRM.qa.TestCases.Home_Page_Test" name="verifyLogout" time="1.83"/>
  <testcase classname="com.OHRM.qa.TestCases.Home_Page_Test" name="homePageTittle" time="0.056"/>
  <testcase classname="com.OHRM.qa.TestCases.Login_Page_Test" name="setUp" time="602.548">
    <failure message="session not created
from timeout: Timed out receiving message from renderer: 600.000
  (Session info: chrome=88.0.4324.190)
Build info: version: &apos;3.141.59&apos;, revision: &apos;e82be7d358&apos;, time: &apos;2018-11-14T08:17:03&apos;
System info: host: &apos;LAPTOP-ST9EO4K2&apos;, ip: &apos;192.168.1.5&apos;, os.name: &apos;Windows 10&apos;, os.arch: &apos;amd64&apos;, os.version: &apos;10.0&apos;, java.version: &apos;1.8.0_121&apos;
Driver info: driver.version: ChromeDriver
remote stacktrace: Backtrace:
	GetHandleVerifier [0x00E0B963+483]
	GetHandleVerifier [0x00E0B941+449]
	GetHandleVerifier [0x011B3308+3832712]
	GetHandleVerifier [0x011A778C+3784716]
	GetHandleVerifier [0x011A6A47+3781319]
	GetHandleVerifier [0x011A6E36+3782326]
	GetHandleVerifier [0x011A6765+3780581]
	GetHandleVerifier [0x011AFB21+3818401]
	GetHandleVerifier [0x011A6721+3780513]
	GetHandleVerifier [0x011A74B2+3783986]
	GetHandleVerifier [0x011A6A47+3781319]
	GetHandleVerifier [0x011A6E36+3782326]
	GetHandleVerifier [0x011A6765+3780581]
	GetHandleVerifier [0x011ADF9C+3811356]
	GetHandleVerifier [0x011A6721+3780513]
	GetHandleVerifier [0x011A74B2+3783986]
	GetHandleVerifier [0x011A6A47+3781319]
	GetHandleVerifier [0x011A6E36+3782326]
	GetHandleVerifier [0x011A6765+3780581]
	GetHandleVerifier [0x011AC392+3804178]
	GetHandleVerifier [0x011A6721+3780513]
	GetHandleVerifier [0x011A74B2+3783986]
	GetHandleVerifier [0x011A6A47+3781319]
	GetHandleVerifier [0x011A6E36+3782326]
	GetHandleVerifier [0x011A6765+3780581]
	GetHandleVerifier [0x011AB655+3800789]
	GetHandleVerifier [0x011A6721+3780513]
	GetHandleVerifier [0x011A74B2+3783986]
	GetHandleVerifier [0x011A6A47+3781319]
	GetHandleVerifier [0x011A6E36+3782326]
	GetHandleVerifier [0x011A6765+3780581]
	GetHandleVerifier [0x011A2F46+3766214]
	GetHandleVerifier [0x011A6721+3780513]
	GetHandleVerifier [0x011A6543+3780035]
	GetHandleVerifier [0x011A6337+3779511]
	GetHandleVerifier [0x011B4540+3837376]
	GetHandleVerifier [0x011EF4BC+4078908]
	GetHandleVerifier [0x011EE56C+4074988]
	GetHandleVerifier [0x011EB2EB+4062059]
	GetHandleVerifier [0x011CED14+3945876]
	GetHandleVerifier [0x011CFBCE+3949646]
	GetHandleVerifier [0x011CFB59+3949529]
	Ordinal0 [0x00DCB5CC+46540]
	Ordinal0 [0x00DC9F53+40787]
	Ordinal0 [0x00DC9B12+39698]
	GetHandleVerifier [0x010D1468+2907368]
	GetHandleVerifier [0x00F171EE+1096302]
	GetHandleVerifier [0x00ED3E8D+821005]
	GetHandleVerifier [0x00ED396B+819691]
	GetHandleVerifier [0x00ED3881+819457]
	GetHandleVerifier [0x00EFF463+998627]
	BaseThreadInitThunk [0x763F6359+25]
	RtlGetAppContainerNamedObjectPath [0x777A8944+228]
	RtlGetAppContainerNamedObjectPath [0x777A8914+180]
" type="org.openqa.selenium.SessionNotCreatedException">org.openqa.selenium.SessionNotCreatedException: session not created
from timeout: Timed out receiving message from renderer: 600.000
  (Session info: chrome=88.0.4324.190)
Build info: version: &apos;3.141.59&apos;, revision: &apos;e82be7d358&apos;, time: &apos;2018-11-14T08:17:03&apos;
System info: host: &apos;LAPTOP-ST9EO4K2&apos;, ip: &apos;192.168.1.5&apos;, os.name: &apos;Windows 10&apos;, os.arch: &apos;amd64&apos;, os.version: &apos;10.0&apos;, java.version: &apos;1.8.0_121&apos;
Driver info: driver.version: ChromeDriver
remote stacktrace: Backtrace:
	GetHandleVerifier [0x00E0B963+483]
	GetHandleVerifier [0x00E0B941+449]
	GetHandleVerifier [0x011B3308+3832712]
	GetHandleVerifier [0x011A778C+3784716]
	GetHandleVerifier [0x011A6A47+3781319]
	GetHandleVerifier [0x011A6E36+3782326]
	GetHandleVerifier [0x011A6765+3780581]
	GetHandleVerifier [0x011AFB21+3818401]
	GetHandleVerifier [0x011A6721+3780513]
	GetHandleVerifier [0x011A74B2+3783986]
	GetHandleVerifier [0x011A6A47+3781319]
	GetHandleVerifier [0x011A6E36+3782326]
	GetHandleVerifier [0x011A6765+3780581]
	GetHandleVerifier [0x011ADF9C+3811356]
	GetHandleVerifier [0x011A6721+3780513]
	GetHandleVerifier [0x011A74B2+3783986]
	GetHandleVerifier [0x011A6A47+3781319]
	GetHandleVerifier [0x011A6E36+3782326]
	GetHandleVerifier [0x011A6765+3780581]
	GetHandleVerifier [0x011AC392+3804178]
	GetHandleVerifier [0x011A6721+3780513]
	GetHandleVerifier [0x011A74B2+3783986]
	GetHandleVerifier [0x011A6A47+3781319]
	GetHandleVerifier [0x011A6E36+3782326]
	GetHandleVerifier [0x011A6765+3780581]
	GetHandleVerifier [0x011AB655+3800789]
	GetHandleVerifier [0x011A6721+3780513]
	GetHandleVerifier [0x011A74B2+3783986]
	GetHandleVerifier [0x011A6A47+3781319]
	GetHandleVerifier [0x011A6E36+3782326]
	GetHandleVerifier [0x011A6765+3780581]
	GetHandleVerifier [0x011A2F46+3766214]
	GetHandleVerifier [0x011A6721+3780513]
	GetHandleVerifier [0x011A6543+3780035]
	GetHandleVerifier [0x011A6337+3779511]
	GetHandleVerifier [0x011B4540+3837376]
	GetHandleVerifier [0x011EF4BC+4078908]
	GetHandleVerifier [0x011EE56C+4074988]
	GetHandleVerifier [0x011EB2EB+4062059]
	GetHandleVerifier [0x011CED14+3945876]
	GetHandleVerifier [0x011CFBCE+3949646]
	GetHandleVerifier [0x011CFB59+3949529]
	Ordinal0 [0x00DCB5CC+46540]
	Ordinal0 [0x00DC9F53+40787]
	Ordinal0 [0x00DC9B12+39698]
	GetHandleVerifier [0x010D1468+2907368]
	GetHandleVerifier [0x00F171EE+1096302]
	GetHandleVerifier [0x00ED3E8D+821005]
	GetHandleVerifier [0x00ED396B+819691]
	GetHandleVerifier [0x00ED3881+819457]
	GetHandleVerifier [0x00EFF463+998627]
	BaseThreadInitThunk [0x763F6359+25]
	RtlGetAppContainerNamedObjectPath [0x777A8944+228]
	RtlGetAppContainerNamedObjectPath [0x777A8914+180]

	at sun.reflect.NativeConstructorAccessorImpl.newInstance0(Native Method)
	at sun.reflect.NativeConstructorAccessorImpl.newInstance(NativeConstructorAccessorImpl.java:62)
	at sun.reflect.DelegatingConstructorAccessorImpl.newInstance(DelegatingConstructorAccessorImpl.java:45)
	at java.lang.reflect.Constructor.newInstance(Constructor.java:423)
	at org.openqa.selenium.remote.W3CHandshakeResponse.lambda$errorHandler$0(W3CHandshakeResponse.java:62)
	at org.openqa.selenium.remote.HandshakeResponse.lambda$getResponseFunction$0(HandshakeResponse.java:30)
	at org.openqa.selenium.remote.ProtocolHandshake.lambda$createSession$0(ProtocolHandshake.java:126)
	at java.util.stream.ReferencePipeline$3$1.accept(ReferencePipeline.java:193)
	at java.util.Spliterators$ArraySpliterator.tryAdvance(Spliterators.java:958)
	at java.util.stream.ReferencePipeline.forEachWithCancel(ReferencePipeline.java:126)
	at java.util.stream.AbstractPipeline.copyIntoWithCancel(AbstractPipeline.java:498)
	at java.util.stream.AbstractPipeline.copyInto(AbstractPipeline.java:485)
	at java.util.stream.AbstractPipeline.wrapAndCopyInto(AbstractPipeline.java:471)
	at java.util.stream.FindOps$FindOp.evaluateSequential(FindOps.java:152)
	at java.util.stream.AbstractPipeline.evaluate(AbstractPipeline.java:234)
	at java.util.stream.ReferencePipeline.findFirst(ReferencePipeline.java:464)
	at org.openqa.selenium.remote.ProtocolHandshake.createSession(ProtocolHandshake.java:128)
	at org.openqa.selenium.remote.ProtocolHandshake.createSession(ProtocolHandshake.java:74)
	at org.openqa.selenium.remote.HttpCommandExecutor.execute(HttpCommandExecutor.java:136)
	at org.openqa.selenium.remote.service.DriverCommandExecutor.execute(DriverCommandExecutor.java:83)
	at org.openqa.selenium.remote.RemoteWebDriver.execute(RemoteWebDriver.java:552)
	at org.openqa.selenium.remote.RemoteWebDriver.startSession(RemoteWebDriver.java:213)
	at org.openqa.selenium.remote.RemoteWebDriver.&lt;init&gt;(RemoteWebDriver.java:131)
	at org.openqa.selenium.chrome.ChromeDriver.&lt;init&gt;(ChromeDriver.java:181)
	at org.openqa.selenium.chrome.ChromeDriver.&lt;init&gt;(ChromeDriver.java:168)
	at org.openqa.selenium.chrome.ChromeDriver.&lt;init&gt;(ChromeDriver.java:123)
	at com.OHRM.qa.Base.TestBase.initialization(TestBase.java:43)
	at com.OHRM.qa.TestCases.Login_Page_Test.setUp(Login_Page_Test.java:24)
</failure>
    <system-err>Starting ChromeDriver 88.0.4324.96 (68dba2d8a0b149a1d3afac56fa74648032bcf46b-refs/branch-heads/4324@{#1784}) on port 25954
Only local connections are allowed.
Please see https://chromedriver.chromium.org/security-considerations for suggestions on keeping ChromeDriver safe.
ChromeDriver was started successfully.
[1614668074.068][SEVERE]: Timed out receiving message from renderer: 600.000
</system-err>
  </testcase>
  <testcase classname="com.OHRM.qa.TestCases.Login_Page_Test" name="loginPage_Tittle_Test" time="0">
    <skipped/>
  </testcase>
  <testcase classname="com.OHRM.qa.TestCases.Login_Page_Test" name="tearDown" time="0">
    <skipped/>
  </testcase>
  <testcase classname="com.OHRM.qa.TestCases.Home_Page_Test" name="veryfiyAdminPage" time="2.661"/>
  <testcase classname="com.OHRM.qa.TestCases.Login_Page_Test" name="setUp" time="3.366">
    <skipped/>
  </testcase>
  <testcase classname="com.OHRM.qa.TestCases.Login_Page_Test" name="loginpage_Logo_Test" time="0">
    <skipped/>
  </testcase>
  <testcase classname="com.OHRM.qa.TestCases.Login_Page_Test" name="tearDown" time="0">
    <skipped/>
  </testcase>
  <testcase classname="com.OHRM.qa.TestCases.AddEmp_Test" name="verifyAddEmp" time="4.791"/>
  <testcase classname="com.OHRM.qa.TestCases.AddEmp_Test" name="setup" time="607.538">
    <failure message="session not created
from timeout: Timed out receiving message from renderer: 600.000
  (Session info: chrome=88.0.4324.190)
Build info: version: &apos;3.141.59&apos;, revision: &apos;e82be7d358&apos;, time: &apos;2018-11-14T08:17:03&apos;
System info: host: &apos;LAPTOP-ST9EO4K2&apos;, ip: &apos;192.168.1.5&apos;, os.name: &apos;Windows 10&apos;, os.arch: &apos;amd64&apos;, os.version: &apos;10.0&apos;, java.version: &apos;1.8.0_121&apos;
Driver info: driver.version: ChromeDriver
remote stacktrace: Backtrace:
	GetHandleVerifier [0x00E0B963+483]
	GetHandleVerifier [0x00E0B941+449]
	GetHandleVerifier [0x011B3308+3832712]
	GetHandleVerifier [0x011A778C+3784716]
	GetHandleVerifier [0x011A6A47+3781319]
	GetHandleVerifier [0x011A6E36+3782326]
	GetHandleVerifier [0x011A6765+3780581]
	GetHandleVerifier [0x011AC420+3804320]
	GetHandleVerifier [0x011A6721+3780513]
	GetHandleVerifier [0x011A74B2+3783986]
	GetHandleVerifier [0x011A6A47+3781319]
	GetHandleVerifier [0x011A6E36+3782326]
	GetHandleVerifier [0x011A6765+3780581]
	GetHandleVerifier [0x011AB655+3800789]
	GetHandleVerifier [0x011A6721+3780513]
	GetHandleVerifier [0x011A74B2+3783986]
	GetHandleVerifier [0x011A6A47+3781319]
	GetHandleVerifier [0x011A6E36+3782326]
	GetHandleVerifier [0x011A6765+3780581]
	GetHandleVerifier [0x011A2F46+3766214]
	GetHandleVerifier [0x011A6721+3780513]
	GetHandleVerifier [0x011A6543+3780035]
	GetHandleVerifier [0x011A6337+3779511]
	GetHandleVerifier [0x011B4540+3837376]
	GetHandleVerifier [0x011EF4BC+4078908]
	GetHandleVerifier [0x011EE56C+4074988]
	GetHandleVerifier [0x011EB2EB+4062059]
	GetHandleVerifier [0x011CED14+3945876]
	GetHandleVerifier [0x011CFBCE+3949646]
	GetHandleVerifier [0x011CFB59+3949529]
	Ordinal0 [0x00DCB5CC+46540]
	Ordinal0 [0x00DC9F53+40787]
	Ordinal0 [0x00DC9B12+39698]
	GetHandleVerifier [0x010D1468+2907368]
	GetHandleVerifier [0x00F171EE+1096302]
	GetHandleVerifier [0x00ED3E8D+821005]
	GetHandleVerifier [0x00ED396B+819691]
	GetHandleVerifier [0x00ED3881+819457]
	GetHandleVerifier [0x00EFF463+998627]
	BaseThreadInitThunk [0x763F6359+25]
	RtlGetAppContainerNamedObjectPath [0x777A8944+228]
	RtlGetAppContainerNamedObjectPath [0x777A8914+180]
" type="org.openqa.selenium.SessionNotCreatedException">org.openqa.selenium.SessionNotCreatedException: session not created
from timeout: Timed out receiving message from renderer: 600.000
  (Session info: chrome=88.0.4324.190)
Build info: version: &apos;3.141.59&apos;, revision: &apos;e82be7d358&apos;, time: &apos;2018-11-14T08:17:03&apos;
System info: host: &apos;LAPTOP-ST9EO4K2&apos;, ip: &apos;192.168.1.5&apos;, os.name: &apos;Windows 10&apos;, os.arch: &apos;amd64&apos;, os.version: &apos;10.0&apos;, java.version: &apos;1.8.0_121&apos;
Driver info: driver.version: ChromeDriver
remote stacktrace: Backtrace:
	GetHandleVerifier [0x00E0B963+483]
	GetHandleVerifier [0x00E0B941+449]
	GetHandleVerifier [0x011B3308+3832712]
	GetHandleVerifier [0x011A778C+3784716]
	GetHandleVerifier [0x011A6A47+3781319]
	GetHandleVerifier [0x011A6E36+3782326]
	GetHandleVerifier [0x011A6765+3780581]
	GetHandleVerifier [0x011AC420+3804320]
	GetHandleVerifier [0x011A6721+3780513]
	GetHandleVerifier [0x011A74B2+3783986]
	GetHandleVerifier [0x011A6A47+3781319]
	GetHandleVerifier [0x011A6E36+3782326]
	GetHandleVerifier [0x011A6765+3780581]
	GetHandleVerifier [0x011AB655+3800789]
	GetHandleVerifier [0x011A6721+3780513]
	GetHandleVerifier [0x011A74B2+3783986]
	GetHandleVerifier [0x011A6A47+3781319]
	GetHandleVerifier [0x011A6E36+3782326]
	GetHandleVerifier [0x011A6765+3780581]
	GetHandleVerifier [0x011A2F46+3766214]
	GetHandleVerifier [0x011A6721+3780513]
	GetHandleVerifier [0x011A6543+3780035]
	GetHandleVerifier [0x011A6337+3779511]
	GetHandleVerifier [0x011B4540+3837376]
	GetHandleVerifier [0x011EF4BC+4078908]
	GetHandleVerifier [0x011EE56C+4074988]
	GetHandleVerifier [0x011EB2EB+4062059]
	GetHandleVerifier [0x011CED14+3945876]
	GetHandleVerifier [0x011CFBCE+3949646]
	GetHandleVerifier [0x011CFB59+3949529]
	Ordinal0 [0x00DCB5CC+46540]
	Ordinal0 [0x00DC9F53+40787]
	Ordinal0 [0x00DC9B12+39698]
	GetHandleVerifier [0x010D1468+2907368]
	GetHandleVerifier [0x00F171EE+1096302]
	GetHandleVerifier [0x00ED3E8D+821005]
	GetHandleVerifier [0x00ED396B+819691]
	GetHandleVerifier [0x00ED3881+819457]
	GetHandleVerifier [0x00EFF463+998627]
	BaseThreadInitThunk [0x763F6359+25]
	RtlGetAppContainerNamedObjectPath [0x777A8944+228]
	RtlGetAppContainerNamedObjectPath [0x777A8914+180]

	at sun.reflect.NativeConstructorAccessorImpl.newInstance0(Native Method)
	at sun.reflect.NativeConstructorAccessorImpl.newInstance(NativeConstructorAccessorImpl.java:62)
	at sun.reflect.DelegatingConstructorAccessorImpl.newInstance(DelegatingConstructorAccessorImpl.java:45)
	at java.lang.reflect.Constructor.newInstance(Constructor.java:423)
	at org.openqa.selenium.remote.W3CHandshakeResponse.lambda$errorHandler$0(W3CHandshakeResponse.java:62)
	at org.openqa.selenium.remote.HandshakeResponse.lambda$getResponseFunction$0(HandshakeResponse.java:30)
	at org.openqa.selenium.remote.ProtocolHandshake.lambda$createSession$0(ProtocolHandshake.java:126)
	at java.util.stream.ReferencePipeline$3$1.accept(ReferencePipeline.java:193)
	at java.util.Spliterators$ArraySpliterator.tryAdvance(Spliterators.java:958)
	at java.util.stream.ReferencePipeline.forEachWithCancel(ReferencePipeline.java:126)
	at java.util.stream.AbstractPipeline.copyIntoWithCancel(AbstractPipeline.java:498)
	at java.util.stream.AbstractPipeline.copyInto(AbstractPipeline.java:485)
	at java.util.stream.AbstractPipeline.wrapAndCopyInto(AbstractPipeline.java:471)
	at java.util.stream.FindOps$FindOp.evaluateSequential(FindOps.java:152)
	at java.util.stream.AbstractPipeline.evaluate(AbstractPipeline.java:234)
	at java.util.stream.ReferencePipeline.findFirst(ReferencePipeline.java:464)
	at org.openqa.selenium.remote.ProtocolHandshake.createSession(ProtocolHandshake.java:128)
	at org.openqa.selenium.remote.ProtocolHandshake.createSession(ProtocolHandshake.java:74)
	at org.openqa.selenium.remote.HttpCommandExecutor.execute(HttpCommandExecutor.java:136)
	at org.openqa.selenium.remote.service.DriverCommandExecutor.execute(DriverCommandExecutor.java:83)
	at org.openqa.selenium.remote.RemoteWebDriver.execute(RemoteWebDriver.java:552)
	at org.openqa.selenium.remote.RemoteWebDriver.startSession(RemoteWebDriver.java:213)
	at org.openqa.selenium.remote.RemoteWebDriver.&lt;init&gt;(RemoteWebDriver.java:131)
	at org.openqa.selenium.chrome.ChromeDriver.&lt;init&gt;(ChromeDriver.java:181)
	at org.openqa.selenium.chrome.ChromeDriver.&lt;init&gt;(ChromeDriver.java:168)
	at org.openqa.selenium.chrome.ChromeDriver.&lt;init&gt;(ChromeDriver.java:123)
	at com.OHRM.qa.Base.TestBase.initialization(TestBase.java:43)
	at com.OHRM.qa.TestCases.AddEmp_Test.setup(AddEmp_Test.java:30)
</failure>
    <system-err>Starting ChromeDriver 88.0.4324.96 (68dba2d8a0b149a1d3afac56fa74648032bcf46b-refs/branch-heads/4324@{#1784}) on port 13655
Only local connections are allowed.
Please see https://chromedriver.chromium.org/security-considerations for suggestions on keeping ChromeDriver safe.
ChromeDriver was started successfully.
[1614668723.666][SEVERE]: Timed out receiving message from renderer: 600.000
</system-err>
  </testcase>
  <testcase classname="com.OHRM.qa.TestCases.AddEmp_Test" name="verifyAddEmp" time="0">
    <skipped/>
  </testcase>
  <testcase classname="com.OHRM.qa.TestCases.AddEmp_Test" name="tearDown" time="0">
    <skipped/>
  </testcase>
  <testcase classname="com.OHRM.qa.TestCases.AddEmp_Test" name="setup" time="0">
    <skipped/>
  </testcase>
  <testcase classname="com.OHRM.qa.TestCases.AddEmp_Test" name="verifyAddEmp" time="0">
    <skipped/>
  </testcase>
  <testcase classname="com.OHRM.qa.TestCases.AddEmp_Test" name="tearDown" time="0">
    <skipped/>
  </testcase>
  <testcase classname="com.OHRM.qa.TestCases.AddEmp_Test" name="setup" time="0">
    <skipped/>
  </testcase>
  <testcase classname="com.OHRM.qa.TestCases.AddEmp_Test" name="verifyAddEmp" time="0">
    <skipped/>
  </testcase>
  <testcase classname="com.OHRM.qa.TestCases.AddEmp_Test" name="tearDown" time="0">
    <skipped/>
  </testcase>
  <testcase classname="com.OHRM.qa.TestCases.AddEmp_Test" name="setup" time="0">
    <skipped/>
  </testcase>
  <testcase classname="com.OHRM.qa.TestCases.AddEmp_Test" name="verifyAddEmp" time="0.001">
    <skipped/>
  </testcase>
  <testcase classname="com.OHRM.qa.TestCases.AddEmp_Test" name="tearDown" time="0.001">
    <skipped/>
  </testcase>
  <testcase classname="com.OHRM.qa.TestCases.AddEmp_Test" name="setup" time="0.001">
    <skipped/>
  </testcase>
  <testcase classname="com.OHRM.qa.TestCases.AddEmp_Test" name="verifyAddEmp" time="0">
    <skipped/>
  </testcase>
  <testcase classname="com.OHRM.qa.TestCases.AddEmp_Test" name="tearDown" time="0">
    <skipped/>
  </testcase>
  <testcase classname="com.OHRM.qa.TestCases.Home_Page_Test" name="verifyPIMpage" time="2.736"/>
  <testcase classname="com.OHRM.qa.TestCases.Login_Page_Test" name="setUp" time="3.927">
    <skipped/>
  </testcase>
  <testcase classname="com.OHRM.qa.TestCases.Login_Page_Test" name="login_Test" time="0">
    <skipped/>
  </testcase>
  <testcase classname="com.OHRM.qa.TestCases.Login_Page_Test" name="tearDown" time="0">
    <skipped/>
  </testcase>
  <testcase classname="com.OHRM.qa.TestCases.Home_Page_Test" name="setUp" time="602.311">
    <failure message="session not created
from timeout: Timed out receiving message from renderer: 600.000
  (Session info: chrome=88.0.4324.190)
Build info: version: &apos;3.141.59&apos;, revision: &apos;e82be7d358&apos;, time: &apos;2018-11-14T08:17:03&apos;
System info: host: &apos;LAPTOP-ST9EO4K2&apos;, ip: &apos;192.168.1.5&apos;, os.name: &apos;Windows 10&apos;, os.arch: &apos;amd64&apos;, os.version: &apos;10.0&apos;, java.version: &apos;1.8.0_121&apos;
Driver info: driver.version: ChromeDriver
remote stacktrace: Backtrace:
	GetHandleVerifier [0x00E0B963+483]
	GetHandleVerifier [0x00E0B941+449]
	GetHandleVerifier [0x011B3308+3832712]
	GetHandleVerifier [0x011A778C+3784716]
	GetHandleVerifier [0x011A6A47+3781319]
	GetHandleVerifier [0x011A6E36+3782326]
	GetHandleVerifier [0x011A6765+3780581]
	GetHandleVerifier [0x011AC420+3804320]
	GetHandleVerifier [0x011A6721+3780513]
	GetHandleVerifier [0x011A74B2+3783986]
	GetHandleVerifier [0x011A6A47+3781319]
	GetHandleVerifier [0x011A6E36+3782326]
	GetHandleVerifier [0x011A6765+3780581]
	GetHandleVerifier [0x011AB655+3800789]
	GetHandleVerifier [0x011A6721+3780513]
	GetHandleVerifier [0x011A74B2+3783986]
	GetHandleVerifier [0x011A6A47+3781319]
	GetHandleVerifier [0x011A6E36+3782326]
	GetHandleVerifier [0x011A6765+3780581]
	GetHandleVerifier [0x011A2F46+3766214]
	GetHandleVerifier [0x011A6721+3780513]
	GetHandleVerifier [0x011A6543+3780035]
	GetHandleVerifier [0x011A6337+3779511]
	GetHandleVerifier [0x011B4540+3837376]
	GetHandleVerifier [0x011EF4BC+4078908]
	GetHandleVerifier [0x011EE56C+4074988]
	GetHandleVerifier [0x011EB2EB+4062059]
	GetHandleVerifier [0x011CED14+3945876]
	GetHandleVerifier [0x011CFBCE+3949646]
	GetHandleVerifier [0x011CFB59+3949529]
	Ordinal0 [0x00DCB5CC+46540]
	Ordinal0 [0x00DC9F53+40787]
	Ordinal0 [0x00DC9B12+39698]
	GetHandleVerifier [0x010D1468+2907368]
	GetHandleVerifier [0x00F171EE+1096302]
	GetHandleVerifier [0x00ED3E8D+821005]
	GetHandleVerifier [0x00ED396B+819691]
	GetHandleVerifier [0x00ED3881+819457]
	GetHandleVerifier [0x00EFF463+998627]
	BaseThreadInitThunk [0x763F6359+25]
	RtlGetAppContainerNamedObjectPath [0x777A8944+228]
	RtlGetAppContainerNamedObjectPath [0x777A8914+180]
" type="org.openqa.selenium.SessionNotCreatedException">org.openqa.selenium.SessionNotCreatedException: session not created
from timeout: Timed out receiving message from renderer: 600.000
  (Session info: chrome=88.0.4324.190)
Build info: version: &apos;3.141.59&apos;, revision: &apos;e82be7d358&apos;, time: &apos;2018-11-14T08:17:03&apos;
System info: host: &apos;LAPTOP-ST9EO4K2&apos;, ip: &apos;192.168.1.5&apos;, os.name: &apos;Windows 10&apos;, os.arch: &apos;amd64&apos;, os.version: &apos;10.0&apos;, java.version: &apos;1.8.0_121&apos;
Driver info: driver.version: ChromeDriver
remote stacktrace: Backtrace:
	GetHandleVerifier [0x00E0B963+483]
	GetHandleVerifier [0x00E0B941+449]
	GetHandleVerifier [0x011B3308+3832712]
	GetHandleVerifier [0x011A778C+3784716]
	GetHandleVerifier [0x011A6A47+3781319]
	GetHandleVerifier [0x011A6E36+3782326]
	GetHandleVerifier [0x011A6765+3780581]
	GetHandleVerifier [0x011AC420+3804320]
	GetHandleVerifier [0x011A6721+3780513]
	GetHandleVerifier [0x011A74B2+3783986]
	GetHandleVerifier [0x011A6A47+3781319]
	GetHandleVerifier [0x011A6E36+3782326]
	GetHandleVerifier [0x011A6765+3780581]
	GetHandleVerifier [0x011AB655+3800789]
	GetHandleVerifier [0x011A6721+3780513]
	GetHandleVerifier [0x011A74B2+3783986]
	GetHandleVerifier [0x011A6A47+3781319]
	GetHandleVerifier [0x011A6E36+3782326]
	GetHandleVerifier [0x011A6765+3780581]
	GetHandleVerifier [0x011A2F46+3766214]
	GetHandleVerifier [0x011A6721+3780513]
	GetHandleVerifier [0x011A6543+3780035]
	GetHandleVerifier [0x011A6337+3779511]
	GetHandleVerifier [0x011B4540+3837376]
	GetHandleVerifier [0x011EF4BC+4078908]
	GetHandleVerifier [0x011EE56C+4074988]
	GetHandleVerifier [0x011EB2EB+4062059]
	GetHandleVerifier [0x011CED14+3945876]
	GetHandleVerifier [0x011CFBCE+3949646]
	GetHandleVerifier [0x011CFB59+3949529]
	Ordinal0 [0x00DCB5CC+46540]
	Ordinal0 [0x00DC9F53+40787]
	Ordinal0 [0x00DC9B12+39698]
	GetHandleVerifier [0x010D1468+2907368]
	GetHandleVerifier [0x00F171EE+1096302]
	GetHandleVerifier [0x00ED3E8D+821005]
	GetHandleVerifier [0x00ED396B+819691]
	GetHandleVerifier [0x00ED3881+819457]
	GetHandleVerifier [0x00EFF463+998627]
	BaseThreadInitThunk [0x763F6359+25]
	RtlGetAppContainerNamedObjectPath [0x777A8944+228]
	RtlGetAppContainerNamedObjectPath [0x777A8914+180]

	at sun.reflect.NativeConstructorAccessorImpl.newInstance0(Native Method)
	at sun.reflect.NativeConstructorAccessorImpl.newInstance(NativeConstructorAccessorImpl.java:62)
	at sun.reflect.DelegatingConstructorAccessorImpl.newInstance(DelegatingConstructorAccessorImpl.java:45)
	at java.lang.reflect.Constructor.newInstance(Constructor.java:423)
	at org.openqa.selenium.remote.W3CHandshakeResponse.lambda$errorHandler$0(W3CHandshakeResponse.java:62)
	at org.openqa.selenium.remote.HandshakeResponse.lambda$getResponseFunction$0(HandshakeResponse.java:30)
	at org.openqa.selenium.remote.ProtocolHandshake.lambda$createSession$0(ProtocolHandshake.java:126)
	at java.util.stream.ReferencePipeline$3$1.accept(ReferencePipeline.java:193)
	at java.util.Spliterators$ArraySpliterator.tryAdvance(Spliterators.java:958)
	at java.util.stream.ReferencePipeline.forEachWithCancel(ReferencePipeline.java:126)
	at java.util.stream.AbstractPipeline.copyIntoWithCancel(AbstractPipeline.java:498)
	at java.util.stream.AbstractPipeline.copyInto(AbstractPipeline.java:485)
	at java.util.stream.AbstractPipeline.wrapAndCopyInto(AbstractPipeline.java:471)
	at java.util.stream.FindOps$FindOp.evaluateSequential(FindOps.java:152)
	at java.util.stream.AbstractPipeline.evaluate(AbstractPipeline.java:234)
	at java.util.stream.ReferencePipeline.findFirst(ReferencePipeline.java:464)
	at org.openqa.selenium.remote.ProtocolHandshake.createSession(ProtocolHandshake.java:128)
	at org.openqa.selenium.remote.ProtocolHandshake.createSession(ProtocolHandshake.java:74)
	at org.openqa.selenium.remote.HttpCommandExecutor.execute(HttpCommandExecutor.java:136)
	at org.openqa.selenium.remote.service.DriverCommandExecutor.execute(DriverCommandExecutor.java:83)
	at org.openqa.selenium.remote.RemoteWebDriver.execute(RemoteWebDriver.java:552)
	at org.openqa.selenium.remote.RemoteWebDriver.startSession(RemoteWebDriver.java:213)
	at org.openqa.selenium.remote.RemoteWebDriver.&lt;init&gt;(RemoteWebDriver.java:131)
	at org.openqa.selenium.chrome.ChromeDriver.&lt;init&gt;(ChromeDriver.java:181)
	at org.openqa.selenium.chrome.ChromeDriver.&lt;init&gt;(ChromeDriver.java:168)
	at org.openqa.selenium.chrome.ChromeDriver.&lt;init&gt;(ChromeDriver.java:123)
	at com.OHRM.qa.Base.TestBase.initialization(TestBase.java:43)
	at com.OHRM.qa.TestCases.Home_Page_Test.setUp(Home_Page_Test.java:25)
</failure>
    <system-err>Starting ChromeDriver 88.0.4324.96 (68dba2d8a0b149a1d3afac56fa74648032bcf46b-refs/branch-heads/4324@{#1784}) on port 31128
Only local connections are allowed.
Please see https://chromedriver.chromium.org/security-considerations for suggestions on keeping ChromeDriver safe.
ChromeDriver was started successfully.
[1614669339.731][SEVERE]: Timed out receiving message from renderer: 600.000
</system-err>
  </testcase>
  <testcase classname="com.OHRM.qa.TestCases.Home_Page_Test" name="verifyMyinfo" time="0">
    <skipped/>
  </testcase>
  <testcase classname="com.OHRM.qa.TestCases.Home_Page_Test" name="tearDown" time="0">
    <skipped/>
  </testcase>
</testsuite>