<?xml version="1.0" encoding="UTF-8"?>
<!-- Generated by org.testng.reporters.JUnitReportReporter -->
<testsuite skipped="6" hostname="LAPTOP-ST9EO4K2" name="com.OHRM.qa.TestCases.AddEmp_Test" tests="7" failures="0" timestamp="26 Feb 2021 12:29:01 GMT" time="0.010" errors="1">
  <testcase name="verifyAddEmp" time="0.002" classname="com.OHRM.qa.TestCases.AddEmp_Test">
    <skipped/>
  </testcase> <!-- verifyAddEmp -->
  <testcase name="verifyAddEmp" time="0.002" classname="com.OHRM.qa.TestCases.AddEmp_Test">
    <skipped/>
  </testcase> <!-- verifyAddEmp -->
  <testcase name="verifyAddEmp" time="0.002" classname="com.OHRM.qa.TestCases.AddEmp_Test">
    <skipped/>
  </testcase> <!-- verifyAddEmp -->
  <testcase name="setup" time="0.000" classname="com.OHRM.qa.TestCases.AddEmp_Test">
    <error type="org.openqa.selenium.SessionNotCreatedException" message="session not created: This version of ChromeDriver only supports Chrome version 86
Current browser version is 88.0.4324.190 with binary path C:\Program Files (x86)\Google\Chrome\Application\chrome.exe
Build info: version: &#039;3.141.59&#039;, revision: &#039;e82be7d358&#039;, time: &#039;2018-11-14T08:17:03&#039;
System info: host: &#039;LAPTOP-ST9EO4K2&#039;, ip: &#039;192.168.1.5&#039;, os.name: &#039;Windows 10&#039;, os.arch: &#039;amd64&#039;, os.version: &#039;10.0&#039;, java.version: &#039;1.8.0_121&#039;
Driver info: driver.version: ChromeDriver
remote stacktrace: Backtrace:
	Ordinal0 [0x005DC013+3194899]
	Ordinal0 [0x004C6021+2056225]
	Ordinal0 [0x0035F608+587272]
	Ordinal0 [0x002E1BF3+72691]
	Ordinal0 [0x002DE229+57897]
	Ordinal0 [0x002DC64A+50762]
	Ordinal0 [0x00301EE9+204521]
	Ordinal0 [0x00301D0D+204045]
	Ordinal0 [0x002FFC1B+195611]
	Ordinal0 [0x002E3B7F+80767]
	Ordinal0 [0x002E4B4E+84814]
	Ordinal0 [0x002E4AD9+84697]
	Ordinal0 [0x004DCE64+2149988]
	GetHandleVerifier [0x0074BE95+1400773]
	GetHandleVerifier [0x0074BB61+1399953]
	GetHandleVerifier [0x007531FA+1430314]
	GetHandleVerifier [0x0074C69F+1402831]
	Ordinal0 [0x004D3D61+2112865]
	Ordinal0 [0x004DE5CB+2155979]
	Ordinal0 [0x004DE6F5+2156277]
	Ordinal0 [0x004EF26E+2224750]
	BaseThreadInitThunk [0x75126359+25]
	RtlGetAppContainerNamedObjectPath [0x77978944+228]
	RtlGetAppContainerNamedObjectPath [0x77978914+180]
">
      <![CDATA[org.openqa.selenium.SessionNotCreatedException: session not created: This version of ChromeDriver only supports Chrome version 86
Current browser version is 88.0.4324.190 with binary path C:\Program Files (x86)\Google\Chrome\Application\chrome.exe
Build info: version: '3.141.59', revision: 'e82be7d358', time: '2018-11-14T08:17:03'
System info: host: 'LAPTOP-ST9EO4K2', ip: '192.168.1.5', os.name: 'Windows 10', os.arch: 'amd64', os.version: '10.0', java.version: '1.8.0_121'
Driver info: driver.version: ChromeDriver
remote stacktrace: Backtrace:
	Ordinal0 [0x005DC013+3194899]
	Ordinal0 [0x004C6021+2056225]
	Ordinal0 [0x0035F608+587272]
	Ordinal0 [0x002E1BF3+72691]
	Ordinal0 [0x002DE229+57897]
	Ordinal0 [0x002DC64A+50762]
	Ordinal0 [0x00301EE9+204521]
	Ordinal0 [0x00301D0D+204045]
	Ordinal0 [0x002FFC1B+195611]
	Ordinal0 [0x002E3B7F+80767]
	Ordinal0 [0x002E4B4E+84814]
	Ordinal0 [0x002E4AD9+84697]
	Ordinal0 [0x004DCE64+2149988]
	GetHandleVerifier [0x0074BE95+1400773]
	GetHandleVerifier [0x0074BB61+1399953]
	GetHandleVerifier [0x007531FA+1430314]
	GetHandleVerifier [0x0074C69F+1402831]
	Ordinal0 [0x004D3D61+2112865]
	Ordinal0 [0x004DE5CB+2155979]
	Ordinal0 [0x004DE6F5+2156277]
	Ordinal0 [0x004EF26E+2224750]
	BaseThreadInitThunk [0x75126359+25]
	RtlGetAppContainerNamedObjectPath [0x77978944+228]
	RtlGetAppContainerNamedObjectPath [0x77978914+180]

	at sun.reflect.NativeConstructorAccessorImpl.newInstance0(Native Method)
	at sun.reflect.NativeConstructorAccessorImpl.newInstance(NativeConstructorAccessorImpl.java:62)
	at sun.reflect.DelegatingConstructorAccessorImpl.newInstance(DelegatingConstructorAccessorImpl.java:45)
	at java.lang.reflect.Constructor.newInstance(Constructor.java:423)
	at org.openqa.selenium.remote.W3CHandshakeResponse.lambda$errorHandler$0(W3CHandshakeResponse.java:62)
	at org.openqa.selenium.remote.HandshakeResponse.lambda$getResponseFunction$0(HandshakeResponse.java:30)
	at org.openqa.selenium.remote.ProtocolHandshake.lambda$createSession$0(ProtocolHandshake.java:126)
	at java.util.stream.ReferencePipeline$3$1.accept(ReferencePipeline.java:193)
	at java.util.Spliterators$ArraySpliterator.tryAdvance(Spliterators.java:958)
	at java.util.stream.ReferencePipeline.forEachWithCancel(ReferencePipeline.java:126)
	at java.util.stream.AbstractPipeline.copyIntoWithCancel(AbstractPipeline.java:498)
	at java.util.stream.AbstractPipeline.copyInto(AbstractPipeline.java:485)
	at java.util.stream.AbstractPipeline.wrapAndCopyInto(AbstractPipeline.java:471)
	at java.util.stream.FindOps$FindOp.evaluateSequential(FindOps.java:152)
	at java.util.stream.AbstractPipeline.evaluate(AbstractPipeline.java:234)
	at java.util.stream.ReferencePipeline.findFirst(ReferencePipeline.java:464)
	at org.openqa.selenium.remote.ProtocolHandshake.createSession(ProtocolHandshake.java:128)
	at org.openqa.selenium.remote.ProtocolHandshake.createSession(ProtocolHandshake.java:74)
	at org.openqa.selenium.remote.HttpCommandExecutor.execute(HttpCommandExecutor.java:136)
	at org.openqa.selenium.remote.service.DriverCommandExecutor.execute(DriverCommandExecutor.java:83)
	at org.openqa.selenium.remote.RemoteWebDriver.execute(RemoteWebDriver.java:552)
	at org.openqa.selenium.remote.RemoteWebDriver.startSession(RemoteWebDriver.java:213)
	at org.openqa.selenium.remote.RemoteWebDriver.<init>(RemoteWebDriver.java:131)
	at org.openqa.selenium.chrome.ChromeDriver.<init>(ChromeDriver.java:181)
	at org.openqa.selenium.chrome.ChromeDriver.<init>(ChromeDriver.java:168)
	at org.openqa.selenium.chrome.ChromeDriver.<init>(ChromeDriver.java:123)
	at com.OHRM.qa.Base.TestBase.initialization(TestBase.java:43)
	at com.OHRM.qa.TestCases.AddEmp_Test.setup(AddEmp_Test.java:30)
	at sun.reflect.NativeMethodAccessorImpl.invoke0(Native Method)
	at sun.reflect.NativeMethodAccessorImpl.invoke(NativeMethodAccessorImpl.java:62)
	at sun.reflect.DelegatingMethodAccessorImpl.invoke(DelegatingMethodAccessorImpl.java:43)
	at java.lang.reflect.Method.invoke(Method.java:498)
	at org.testng.internal.MethodInvocationHelper.invokeMethod(MethodInvocationHelper.java:100)
	at org.testng.internal.Invoker.invokeConfigurationMethod(Invoker.java:515)
	at org.testng.internal.Invoker.invokeConfigurations(Invoker.java:216)
	at org.testng.internal.Invoker.invokeMethod(Invoker.java:590)
	at org.testng.internal.Invoker.invokeTestMethod(Invoker.java:811)
	at org.testng.internal.Invoker.invokeTestMethods(Invoker.java:1137)
	at org.testng.internal.TestMethodWorker.invokeTestMethods(TestMethodWorker.java:129)
	at org.testng.internal.TestMethodWorker.run(TestMethodWorker.java:112)
	at org.testng.TestRunner.privateRun(TestRunner.java:753)
	at org.testng.TestRunner.run(TestRunner.java:607)
	at org.testng.SuiteRunner.runTest(SuiteRunner.java:368)
	at org.testng.SuiteRunner.runSequentially(SuiteRunner.java:363)
	at org.testng.SuiteRunner.privateRun(SuiteRunner.java:321)
	at org.testng.SuiteRunner.run(SuiteRunner.java:270)
	at org.testng.SuiteRunnerWorker.runSuite(SuiteRunnerWorker.java:52)
	at org.testng.SuiteRunnerWorker.run(SuiteRunnerWorker.java:86)
	at org.testng.TestNG.runSuitesSequentially(TestNG.java:1284)
	at org.testng.TestNG.runSuitesLocally(TestNG.java:1209)
	at org.testng.TestNG.runSuites(TestNG.java:1124)
	at org.testng.TestNG.run(TestNG.java:1096)
	at org.testng.remote.AbstractRemoteTestNG.run(AbstractRemoteTestNG.java:132)
	at org.testng.remote.RemoteTestNG.initAndRun(RemoteTestNG.java:236)
	at org.testng.remote.RemoteTestNG.main(RemoteTestNG.java:81)
]]>
    </error>
  </testcase> <!-- setup -->
  <testcase name="verifyAddEmp" time="0.001" classname="com.OHRM.qa.TestCases.AddEmp_Test">
    <skipped/>
  </testcase> <!-- verifyAddEmp -->
  <testcase name="verifyAddEmp" time="0.001" classname="com.OHRM.qa.TestCases.AddEmp_Test">
    <skipped/>
  </testcase> <!-- verifyAddEmp -->
  <testcase name="verifyAddEmp" time="0.002" classname="com.OHRM.qa.TestCases.AddEmp_Test">
    <skipped/>
  </testcase> <!-- verifyAddEmp -->
</testsuite> <!-- com.OHRM.qa.TestCases.AddEmp_Test -->
